W0429 06:14:21.467000 512892 .venv/lib/python3.11/site-packages/torch/_dynamo/variables/tensor.py:1379] [4/0] Graph break from `Tensor.item()`, consider setting:
W0429 06:14:21.467000 512892 .venv/lib/python3.11/site-packages/torch/_dynamo/variables/tensor.py:1379] [4/0]     torch._dynamo.config.capture_scalar_outputs = True
W0429 06:14:21.467000 512892 .venv/lib/python3.11/site-packages/torch/_dynamo/variables/tensor.py:1379] [4/0] or:
W0429 06:14:21.467000 512892 .venv/lib/python3.11/site-packages/torch/_dynamo/variables/tensor.py:1379] [4/0]     env TORCHDYNAMO_CAPTURE_SCALAR_OUTPUTS=1
W0429 06:14:21.467000 512892 .venv/lib/python3.11/site-packages/torch/_dynamo/variables/tensor.py:1379] [4/0] to include these operations in the captured graph.
W0429 06:14:21.467000 512892 .venv/lib/python3.11/site-packages/torch/_dynamo/variables/tensor.py:1379] [4/0] 
W0429 06:14:21.467000 512892 .venv/lib/python3.11/site-packages/torch/_dynamo/variables/tensor.py:1379] [4/0] Graph break: from user code at:
W0429 06:14:21.467000 512892 .venv/lib/python3.11/site-packages/torch/_dynamo/variables/tensor.py:1379] [4/0]   File "/workspace/parameter-golf/train_gpt_parcae.py", line 4867, in torch_dynamo_resume_in_forward_model_at_4790
W0429 06:14:21.467000 512892 .venv/lib/python3.11/site-packages/torch/_dynamo/variables/tensor.py:1379] [4/0]     loss = liger_cross_entropy(
W0429 06:14:21.467000 512892 .venv/lib/python3.11/site-packages/torch/_dynamo/variables/tensor.py:1379] [4/0]   File "/workspace/parameter-golf/train_gpt_parcae.py", line 102, in liger_cross_entropy
W0429 06:14:21.467000 512892 .venv/lib/python3.11/site-packages/torch/_dynamo/variables/tensor.py:1379] [4/0]     return LigerCrossEntropyLoss(ignore_index=ignore_index, reduction="mean", softcap=None)(ce_input, flat_target)
W0429 06:14:21.467000 512892 .venv/lib/python3.11/site-packages/torch/_dynamo/variables/tensor.py:1379] [4/0]   File "/workspace/parameter-golf/.venv/lib/python3.11/site-packages/liger_kernel/transformers/cross_entropy.py", line 41, in forward
W0429 06:14:21.467000 512892 .venv/lib/python3.11/site-packages/torch/_dynamo/variables/tensor.py:1379] [4/0]     loss, z_loss, token_accuracy = LigerCrossEntropyFunction.apply(
W0429 06:14:21.467000 512892 .venv/lib/python3.11/site-packages/torch/_dynamo/variables/tensor.py:1379] [4/0]   File "/workspace/parameter-golf/.venv/lib/python3.11/site-packages/torch/_functorch/autograd_function.py", line 880, in inner
W0429 06:14:21.467000 512892 .venv/lib/python3.11/site-packages/torch/_dynamo/variables/tensor.py:1379] [4/0]     outs = orig_fwd(*args, **kwargs)
W0429 06:14:21.467000 512892 .venv/lib/python3.11/site-packages/torch/_dynamo/variables/tensor.py:1379] [4/0]   File "/workspace/parameter-golf/.venv/lib/python3.11/site-packages/liger_kernel/ops/cross_entropy.py", line 473, in forward
W0429 06:14:21.467000 512892 .venv/lib/python3.11/site-packages/torch/_dynamo/variables/tensor.py:1379] [4/0]     loss, z_loss, token_accuracy, _input = cross_entropy_forward(
W0429 06:14:21.467000 512892 .venv/lib/python3.11/site-packages/torch/_dynamo/variables/tensor.py:1379] [4/0]   File "/workspace/parameter-golf/.venv/lib/python3.11/site-packages/liger_kernel/ops/cross_entropy.py", line 334, in cross_entropy_forward
W0429 06:14:21.467000 512892 .venv/lib/python3.11/site-packages/torch/_dynamo/variables/tensor.py:1379] [4/0]     n_non_ignore = target_mask.sum().item()
W0429 06:14:21.467000 512892 .venv/lib/python3.11/site-packages/torch/_dynamo/variables/tensor.py:1379] [4/0] 
W0429 06:14:21.467000 512892 .venv/lib/python3.11/site-packages/torch/_dynamo/variables/tensor.py:1379] [4/0] 
logs/sp1892_9l512_mlp3_bh4096_swa_dyn_fullattn_b32k_pwa_qk_dense_v_int6rans_20260429.txt
val_bpb:enabled tokenizer_kind=sentencepiece tokenizer_path=/workspace/parameter-golf/data_sp1892/tokenizers/fineweb_1892_bpe.model meta_path=None source_model_name=/workspace/parameter-golf/data_sp1892/tokenizers/fineweb_1892_bpe.model vocab_size=1892 byte_count_override:0
train_loader:dataset:fineweb10B_sp1892 train_shards:1
val_loader:shards pattern=/workspace/parameter-golf/data_sp1892/datasets/fineweb10B_sp1892/fineweb_val_*.bin tokens:53271040
model_params:19948289
world_size:1 grad_accum_steps:1
attention_backend:flash_attn4_wrapper has_flash_attn:False
sdp_backends:cudnn=False flash=True mem_efficient=True math=True
attention_mode:gqa num_heads:8 num_kv_heads:4 qkv_projection:pwa_qk_dense_v rrhp_reduction_factor:4 pwa_num_bases:6 pwa_permute_size:4 pwa_init_scale:0.707107 pwa_lr:0.02 window:-1
attn_preconv:kernel:0 scale_init:0.005 lr:0.001
mlp:outer:BaseMLP recurrent:BaseMLP liger_geglu_available:True
bigram_hash:buckets:4096 dim:128 heads:1 gate:False scale_init:0.05
parcae:prelude:4 core:1 coda:4 recurrent_dim:512 recurrence:1/1 iteration:per-batch sampling:fixed injection:diagonal residual_mode:parallel parallel_residual_scope:all parallel_residual_start:-1 parallel_residual_ln_scale:True parallel_residual_impl:delayed parallel_residual_record_controls:False parallel_residual_tied_norm:True parallel_residual_in_fp32:True attn_res_mode:none attn_res_scope:all attn_res_block_size:2
xsa:last_0 active_effective_layers:[]
liger_ce:enabled:True real_liger_available:True
liger_rope:enabled:False real_liger_available:True convention:llama_split_half
tridao_packed_rope:enabled:True triton_available:True convention:adjacent_pair_interleaved layout:packed_qkv_inplace
attn_res:mode:none scope:all block_size:2 params:0
tie_embeddings:True embed_lr:0.03 head_lr:0.0 poe_experts:1 poe_extra_heads:0 poe_head_lr:0.008 matrix_lr:0.02 scalar_lr:0.02 muon_steps:5 muon_wd:0.04 muon_row_normalize:True
qat:bits:0 start_step:500 backend:torchao group_size:32 activation_bits:0 linear:True embeddings:True tied_output:True export_bits:6 rans_int6:True
gptq:enabled:False calibration_batches:32 reserve_seconds:12 blocksize:128 dampening:0.01 act_order:True quantize_embeddings:True
save_raw_model:False
train_batch_tokens:32768 train_seq_len:512 iterations:1000000 warmup_steps:200 max_wallclock_seconds:600.000
weight_average:ema_enabled:False ema_decay:0.997 ema_update_every:1 swa_enabled:True swa_start_frac:0.5 swa_every:50 swa_dynamic:True swa_dynamic_min_every:10 swa_dynamic_power:1.5 swa_dynamic_weight_max:2 priority:swa
ttt:enabled:False stride:64 chunk_tokens:32768 epochs:3 lr:0.005 momentum:0.9 grad_clip:1
sliding:enabled:False stride:64 compile_logits:False ppm_enabled:False ppm_order:5 ppm_subset_tokens:5000000 ppm_escape:d ppm_meta_mix:False context_mix_max_seconds:0 lzp_enabled:False lzp_orders:4,5,6,8 lzp_subset_tokens:5000000 lzp_table_bits:20 lzp_alpha:0-0.2
seed:1337
warmup_step:10/200 train_step:9
warmup_step:20/200 train_step:19
warmup_step:30/200 train_step:29
warmup_step:40/200 train_step:39
warmup_step:50/200 train_step:49
warmup_step:60/200 train_step:59
warmup_step:70/200 train_step:69
warmup_step:80/200 train_step:79
warmup_step:90/200 train_step:89
warmup_step:100/200 train_step:99
warmup_step:110/200 train_step:109
warmup_step:120/200 train_step:119
warmup_step:130/200 train_step:129
warmup_step:140/200 train_step:139
warmup_step:150/200 train_step:149
warmup_step:160/200 train_step:159
warmup_step:170/200 train_step:169
warmup_step:180/200 train_step:179
warmup_step:190/200 train_step:189
warmup_step:200/200 train_step:199
step:1/1000000 train_loss:7.5506 train_time:91ms step_avg:90.56ms
step:2/1000000 train_loss:7.4561 train_time:198ms step_avg:98.81ms
step:3/1000000 train_loss:17.5241 train_time:307ms step_avg:102.41ms
step:4/1000000 train_loss:9.6989 train_time:410ms step_avg:102.46ms
step:5/1000000 train_loss:11.5392 train_time:508ms step_avg:101.58ms
step:6/1000000 train_loss:10.6260 train_time:606ms step_avg:101.03ms
step:7/1000000 train_loss:10.1205 train_time:703ms step_avg:100.39ms
step:8/1000000 train_loss:10.4826 train_time:800ms step_avg:100.01ms
step:9/1000000 train_loss:9.8258 train_time:909ms step_avg:101.00ms
step:10/1000000 train_loss:9.4918 train_time:1009ms step_avg:100.87ms
step:100/1000000 train_loss:4.3697 train_time:9172ms step_avg:91.72ms
step:200/1000000 train_loss:4.2246 train_time:18239ms step_avg:91.19ms
step:300/1000000 train_loss:4.0006 train_time:27328ms step_avg:91.09ms
step:400/1000000 train_loss:4.0310 train_time:36437ms step_avg:91.09ms
step:500/1000000 train_loss:3.8192 train_time:45578ms step_avg:91.16ms
step:600/1000000 train_loss:3.9074 train_time:54707ms step_avg:91.18ms
step:700/1000000 train_loss:3.7559 train_time:63849ms step_avg:91.21ms
step:800/1000000 train_loss:3.6085 train_time:73013ms step_avg:91.27ms
step:900/1000000 train_loss:3.7343 train_time:82177ms step_avg:91.31ms
step:1000/1000000 train_loss:3.6257 train_time:91349ms step_avg:91.35ms
step:1100/1000000 train_loss:3.6831 train_time:100530ms step_avg:91.39ms
step:1200/1000000 train_loss:3.5264 train_time:109716ms step_avg:91.43ms
step:1300/1000000 train_loss:3.5266 train_time:118888ms step_avg:91.45ms
step:1400/1000000 train_loss:3.5908 train_time:128086ms step_avg:91.49ms
step:1500/1000000 train_loss:3.5566 train_time:137304ms step_avg:91.54ms
step:1600/1000000 train_loss:3.4209 train_time:146502ms step_avg:91.56ms
step:1700/1000000 train_loss:3.4254 train_time:155703ms step_avg:91.59ms
step:1800/1000000 train_loss:3.3853 train_time:164921ms step_avg:91.62ms
step:1900/1000000 train_loss:3.3968 train_time:174126ms step_avg:91.65ms
step:2000/1000000 train_loss:3.4947 train_time:183340ms step_avg:91.67ms
step:2100/1000000 train_loss:3.3980 train_time:192585ms step_avg:91.71ms
step:2200/1000000 train_loss:3.3792 train_time:201868ms step_avg:91.76ms
step:2300/1000000 train_loss:3.3515 train_time:211137ms step_avg:91.80ms
step:2400/1000000 train_loss:3.3495 train_time:220354ms step_avg:91.81ms
step:2500/1000000 train_loss:3.4342 train_time:229594ms step_avg:91.84ms
step:2600/1000000 train_loss:3.4032 train_time:238855ms step_avg:91.87ms
step:2700/1000000 train_loss:3.3018 train_time:248063ms step_avg:91.88ms
step:2800/1000000 train_loss:3.2840 train_time:257271ms step_avg:91.88ms
step:2900/1000000 train_loss:3.3544 train_time:266499ms step_avg:91.90ms
step:3000/1000000 train_loss:3.3503 train_time:275730ms step_avg:91.91ms
step:3100/1000000 train_loss:3.2720 train_time:285410ms step_avg:92.07ms
step:3200/1000000 train_loss:3.2934 train_time:294644ms step_avg:92.08ms
step:3300/1000000 train_loss:3.2003 train_time:303871ms step_avg:92.08ms
step:3400/1000000 train_loss:3.3905 train_time:313120ms step_avg:92.09ms
step:3500/1000000 train_loss:3.2591 train_time:322367ms step_avg:92.10ms
step:3600/1000000 train_loss:3.2058 train_time:331638ms step_avg:92.12ms
step:3700/1000000 train_loss:3.0653 train_time:340878ms step_avg:92.13ms
step:3800/1000000 train_loss:3.2686 train_time:350145ms step_avg:92.14ms
step:3900/1000000 train_loss:3.2344 train_time:359379ms step_avg:92.15ms
step:4000/1000000 train_loss:3.5245 train_time:368674ms step_avg:92.17ms
step:4100/1000000 train_loss:3.5087 train_time:377924ms step_avg:92.18ms
step:4200/1000000 train_loss:3.2787 train_time:387177ms step_avg:92.18ms
step:4300/1000000 train_loss:3.1433 train_time:396432ms step_avg:92.19ms
step:4400/1000000 train_loss:3.2388 train_time:405678ms step_avg:92.20ms
step:4500/1000000 train_loss:3.2325 train_time:414925ms step_avg:92.21ms
step:4600/1000000 train_loss:3.2321 train_time:424144ms step_avg:92.21ms
step:4700/1000000 train_loss:3.2659 train_time:433394ms step_avg:92.21ms
step:4800/1000000 train_loss:3.3483 train_time:442656ms step_avg:92.22ms
step:4900/1000000 train_loss:3.1901 train_time:451915ms step_avg:92.23ms
step:5000/1000000 train_loss:3.2326 train_time:461158ms step_avg:92.23ms
step:5100/1000000 train_loss:3.2004 train_time:470440ms step_avg:92.24ms
step:5200/1000000 train_loss:3.1320 train_time:479675ms step_avg:92.25ms
step:5300/1000000 train_loss:3.1172 train_time:488919ms step_avg:92.25ms
step:5400/1000000 train_loss:3.1798 train_time:498186ms step_avg:92.26ms
step:5500/1000000 train_loss:3.2807 train_time:507468ms step_avg:92.27ms
step:5600/1000000 train_loss:3.0176 train_time:516685ms step_avg:92.27ms
step:5700/1000000 train_loss:3.0906 train_time:525946ms step_avg:92.27ms
step:5800/1000000 train_loss:3.0532 train_time:535196ms step_avg:92.28ms
step:5900/1000000 train_loss:3.2491 train_time:544450ms step_avg:92.28ms
swa:start step:5903 dynamic:True interval:50 weight:1.0000 progress:0.0004
step:6000/1000000 train_loss:3.0089 train_time:553836ms step_avg:92.31ms
step:6100/1000000 train_loss:3.1905 train_time:563138ms step_avg:92.32ms
step:6200/1000000 train_loss:3.1703 train_time:572869ms step_avg:92.40ms
step:6300/1000000 train_loss:2.9805 train_time:582167ms step_avg:92.41ms
step:6400/1000000 train_loss:3.0665 train_time:591471ms step_avg:92.42ms
step:6491/1000000 val_loss:3.0479 val_bpb:1.5505 train_time:600008ms step_avg:92.44ms
stopping_early: wallclock_cap train_time:600008ms step:6491/1000000
peak memory allocated: 4928 MiB reserved: 6464 MiB
swa:applying averaged 22 checkpoints weight_sum:33.6408
Serialized model int6_rans+zlib: 13966620 bytes (payload:14032233 raw_torch:14068435 payload_ratio:2.84x)
Total submission size int6_rans+zlib: 14250127 bytes
final_int6_rans_zlib_roundtrip val_loss:3.0572 val_bpb:1.5552 eval_time:41051ms
final_int6_rans_zlib_roundtrip_exact val_loss:3.05722506 val_bpb:1.55520458
