logs/exp_scylla_poe3_bigram8192_laurel_core8_300.txt
val_bpb:enabled tokenizer_kind=tokenmonster tokenizer_path=/workspace/parameter-golf/data_scylla/tokenizers/scylla/candidate.vocab meta_path=/workspace/parameter-golf/data_scylla/tokenizers/scylla/candidate.meta.npz source_model_name=/Users/simon/Code/parameter-golf/autoresearch/tokenmonster_discovery/experiments/0054/candidate.vocab vocab_size=998 byte_count_override:1.5108e+08
train_loader:dataset:fineweb_scylla train_shards:1
val_loader:shards pattern=/workspace/parameter-golf/data_scylla/fineweb_scylla/fineweb_val_*.bin tokens:62364672
model_params:5857475
world_size:1 grad_accum_steps:8
attention_backend:flash_attn4_wrapper has_flash_attn:False
sdp_backends:cudnn=False flash=True mem_efficient=False math=False
attention_mode:gqa num_heads:4 num_kv_heads:2
bigram_hash:buckets:8192 dim:128 heads:2 gate:True scale_init:0.05
parcae:prelude:1 core:2 coda:1 recurrent_dim:256 recurrence:2/1 iteration:per-batch sampling:fixed injection:diagonal swiglu_scale:0 residual_mode:sequential parallel_residual_scope:none parallel_residual_start:-1 parallel_residual_ln_scale:True
ple:scope:none dim:0 scale_init:0 init_std:0.02 placement:before proj_optimizer:muon proj_lr:0.04 params:0
laurel:scope:core rank:8 scale_init:0.005 norm:True params:8706
tie_embeddings:True embed_lr:0.05 head_lr:0.0 poe_experts:3 poe_extra_heads:2 poe_head_lr:0.002 matrix_lr:0.04 scalar_lr:0.04 muon_steps:5 muon_wd:0.095 muon_row_normalize:True
qat:bits:0 start_step:500 linear:True tied_output:True export_bits:8
gptq:enabled:False calibration_batches:32 reserve_seconds:12 blocksize:128 dampening:0.01 act_order:True quantize_embeddings:True
train_batch_tokens:16384 train_seq_len:512 iterations:1000000 warmup_steps:500 max_wallclock_seconds:300.000
ttt:enabled:False stride:64 chunk_tokens:32768 epochs:3 lr:0.005 momentum:0.9 grad_clip:1
seed:1337
warmup_step:10/500
warmup_step:20/500
warmup_step:30/500
warmup_step:40/500
warmup_step:50/500
warmup_step:60/500
warmup_step:70/500
warmup_step:80/500
warmup_step:90/500
warmup_step:100/500
warmup_step:110/500
warmup_step:120/500
warmup_step:130/500
warmup_step:140/500
warmup_step:150/500
warmup_step:160/500
warmup_step:170/500
warmup_step:180/500
warmup_step:190/500
warmup_step:200/500
warmup_step:210/500
warmup_step:220/500
warmup_step:230/500
warmup_step:240/500
warmup_step:250/500
warmup_step:260/500
warmup_step:270/500
warmup_step:280/500
warmup_step:290/500
warmup_step:300/500
warmup_step:310/500
warmup_step:320/500
warmup_step:330/500
warmup_step:340/500
warmup_step:350/500
warmup_step:360/500
warmup_step:370/500
warmup_step:380/500
warmup_step:390/500
warmup_step:400/500
warmup_step:410/500
warmup_step:420/500
warmup_step:430/500
warmup_step:440/500
warmup_step:450/500
warmup_step:460/500
warmup_step:470/500
warmup_step:480/500
warmup_step:490/500
warmup_step:500/500
step:1/1000000 train_loss:6.9046 train_time:175ms step_avg:175.15ms
step:2/1000000 train_loss:7.1026 train_time:356ms step_avg:178.25ms
step:3/1000000 train_loss:10.3376 train_time:536ms step_avg:178.79ms
step:4/1000000 train_loss:13.1166 train_time:716ms step_avg:179.05ms
step:5/1000000 train_loss:9.2681 train_time:922ms step_avg:184.41ms
step:6/1000000 train_loss:8.5540 train_time:1100ms step_avg:183.32ms
step:7/1000000 train_loss:11.7829 train_time:1281ms step_avg:182.98ms
step:8/1000000 train_loss:11.1840 train_time:1461ms step_avg:182.57ms
step:9/1000000 train_loss:8.6122 train_time:1639ms step_avg:182.10ms
step:10/1000000 train_loss:8.4609 train_time:1818ms step_avg:181.79ms
step:100/1000000 train_loss:4.0267 train_time:17364ms step_avg:173.64ms
step:200/1000000 train_loss:3.8394 train_time:35294ms step_avg:176.47ms
step:300/1000000 train_loss:3.8151 train_time:53641ms step_avg:178.80ms
step:400/1000000 train_loss:3.5961 train_time:70937ms step_avg:177.34ms
step:500/1000000 train_loss:3.6656 train_time:88294ms step_avg:176.59ms
step:600/1000000 train_loss:3.4845 train_time:105778ms step_avg:176.30ms
step:700/1000000 train_loss:3.5256 train_time:123376ms step_avg:176.25ms
step:800/1000000 train_loss:3.4644 train_time:140871ms step_avg:176.09ms
step:900/1000000 train_loss:3.3024 train_time:158392ms step_avg:175.99ms
step:1000/1000000 train_loss:3.2345 train_time:175996ms step_avg:176.00ms
step:1100/1000000 train_loss:3.2405 train_time:193579ms step_avg:175.98ms
step:1200/1000000 train_loss:2.9882 train_time:216360ms step_avg:180.30ms
step:1300/1000000 train_loss:2.8149 train_time:242410ms step_avg:186.47ms
step:1400/1000000 train_loss:3.0078 train_time:266229ms step_avg:190.16ms
step:1500/1000000 train_loss:2.9321 train_time:291506ms step_avg:194.34ms
step:1537/1000000 val_loss:2.9648 val_bpb:1.7656 train_time:300026ms step_avg:195.20ms
stopping_early: wallclock_cap train_time:300026ms step:1537/1000000
peak memory allocated: 1020 MiB reserved: 1890 MiB
Serialized model: 11743474 bytes
Code size: 157339 bytes
Total submission size: 11900813 bytes
Serialized model int8+zlib: 6248330 bytes (payload:7064298 raw_torch:7085338 payload_ratio:1.66x)
Total submission size int8+zlib: 6405669 bytes
final_int8_zlib_roundtrip val_loss:2.9649 val_bpb:1.7657 eval_time:43646ms
final_int8_zlib_roundtrip_exact val_loss:2.96485129 val_bpb:1.76566406
