logs/exp_scylla_poe3_diag_scale_compare_300.txt
val_bpb:enabled tokenizer_kind=tokenmonster tokenizer_path=/workspace/parameter-golf/data_scylla/tokenizers/scylla/candidate.vocab meta_path=/workspace/parameter-golf/data_scylla/tokenizers/scylla/candidate.meta.npz source_model_name=/Users/simon/Code/parameter-golf/autoresearch/tokenmonster_discovery/experiments/0054/candidate.vocab vocab_size=998
train_loader:dataset:fineweb_scylla train_shards:1
val_loader:shards pattern=/workspace/parameter-golf/data_scylla/fineweb_scylla/fineweb_val_*.bin tokens:62364672
model_params:4800193
world_size:1 grad_accum_steps:8
attention_backend:flash_attn4_wrapper has_flash_attn:False
sdp_backends:cudnn=False flash=True mem_efficient=False math=False
attention_mode:gqa num_heads:4 num_kv_heads:2
bigram_hash:buckets:4096 dim:128 heads:2 gate:True scale_init:0.05
parcae:prelude:1 core:2 coda:1 recurrent_dim:256 recurrence:2/1 iteration:per-batch sampling:fixed injection:diagonal swiglu_scale:0
tie_embeddings:True embed_lr:0.05 head_lr:0.0 poe_experts:3 poe_extra_heads:2 poe_head_lr:0.002 matrix_lr:0.04 scalar_lr:0.04 muon_wd:0.095 muon_row_normalize:True
qat:bits:0 start_step:500 linear:True tied_output:True export_bits:8
gptq:enabled:False calibration_batches:32 reserve_seconds:12 blocksize:128 dampening:0.01 act_order:True quantize_embeddings:True
train_batch_tokens:16384 train_seq_len:512 iterations:1000000 warmup_steps:500 max_wallclock_seconds:300.000
ttt:enabled:False stride:64 chunk_tokens:32768 epochs:3 lr:0.005 momentum:0.9 grad_clip:1
seed:1337
warmup_step:10/500
warmup_step:20/500
warmup_step:30/500
warmup_step:40/500
warmup_step:50/500
warmup_step:60/500
warmup_step:70/500
warmup_step:80/500
warmup_step:90/500
warmup_step:100/500
warmup_step:110/500
warmup_step:120/500
warmup_step:130/500
warmup_step:140/500
warmup_step:150/500
warmup_step:160/500
warmup_step:170/500
warmup_step:180/500
warmup_step:190/500
warmup_step:200/500
warmup_step:210/500
warmup_step:220/500
warmup_step:230/500
warmup_step:240/500
warmup_step:250/500
warmup_step:260/500
warmup_step:270/500
warmup_step:280/500
warmup_step:290/500
warmup_step:300/500
warmup_step:310/500
warmup_step:320/500
warmup_step:330/500
warmup_step:340/500
warmup_step:350/500
warmup_step:360/500
warmup_step:370/500
warmup_step:380/500
warmup_step:390/500
warmup_step:400/500
warmup_step:410/500
warmup_step:420/500
warmup_step:430/500
warmup_step:440/500
warmup_step:450/500
warmup_step:460/500
warmup_step:470/500
warmup_step:480/500
warmup_step:490/500
warmup_step:500/500
step:1/1000000 train_loss:6.9024 train_time:180ms step_avg:180.28ms
step:2/1000000 train_loss:7.0068 train_time:352ms step_avg:176.17ms
step:3/1000000 train_loss:10.9021 train_time:523ms step_avg:174.33ms
step:4/1000000 train_loss:12.9350 train_time:702ms step_avg:175.43ms
step:5/1000000 train_loss:9.4077 train_time:871ms step_avg:174.27ms
step:6/1000000 train_loss:10.0681 train_time:1041ms step_avg:173.53ms
step:7/1000000 train_loss:9.8892 train_time:1209ms step_avg:172.72ms
step:8/1000000 train_loss:10.0908 train_time:1379ms step_avg:172.31ms
step:9/1000000 train_loss:8.0757 train_time:1549ms step_avg:172.10ms
step:10/1000000 train_loss:7.7461 train_time:1720ms step_avg:171.97ms
step:100/1000000 train_loss:4.0472 train_time:16293ms step_avg:162.93ms
step:200/1000000 train_loss:3.8899 train_time:32483ms step_avg:162.42ms
step:300/1000000 train_loss:3.8612 train_time:48717ms step_avg:162.39ms
step:400/1000000 train_loss:3.6301 train_time:66177ms step_avg:165.44ms
step:500/1000000 train_loss:3.6740 train_time:83001ms step_avg:166.00ms
step:600/1000000 train_loss:3.5080 train_time:99409ms step_avg:165.68ms
step:700/1000000 train_loss:3.5780 train_time:115459ms step_avg:164.94ms
step:800/1000000 train_loss:3.5135 train_time:131543ms step_avg:164.43ms
step:900/1000000 train_loss:3.3461 train_time:147868ms step_avg:164.30ms
step:1000/1000000 train_loss:3.2844 train_time:163928ms step_avg:163.93ms
step:1100/1000000 train_loss:3.3156 train_time:179992ms step_avg:163.63ms
step:1200/1000000 train_loss:3.1407 train_time:195979ms step_avg:163.32ms
step:1300/1000000 train_loss:2.9273 train_time:210802ms step_avg:162.16ms
step:1400/1000000 train_loss:3.1134 train_time:226290ms step_avg:161.64ms
step:1500/1000000 train_loss:2.9732 train_time:241397ms step_avg:160.93ms
step:1600/1000000 train_loss:2.9750 train_time:256958ms step_avg:160.60ms
step:1700/1000000 train_loss:2.9119 train_time:273217ms step_avg:160.72ms
step:1800/1000000 train_loss:2.8479 train_time:289482ms step_avg:160.82ms
Traceback (most recent call last):
  File "/workspace/parameter-golf/train_gpt_parcae.py", line 2841, in <module>
    main()
  File "/workspace/parameter-golf/train_gpt_parcae.py", line 2645, in main
    val_loss, val_bpb = eval_val(
                        ^^^^^^^^^
  File "/workspace/parameter-golf/train_gpt_parcae.py", line 556, in eval_val
    return _validation_result(args, val_loss_sum, val_token_count, val_byte_count)
           ^^^^^^^^^^^^^^^^^^^^^^^^^^^^^^^^^^^^^^^^^^^^^^^^^^^^^^^^^^^^^^^^^^^^^^^
  File "/workspace/parameter-golf/train_gpt_parcae.py", line 450, in _validation_result
    if args.val_byte_count_override > 0:
       ^^^^^^^^^^^^^^^^^^^^^^^^^^^^
AttributeError: 'Hyperparameters' object has no attribute 'val_byte_count_override'
