logs/exp_scylla_poe3_bigram8192_ple_all32_scale0p05_300.txt
val_bpb:enabled tokenizer_kind=tokenmonster tokenizer_path=/workspace/parameter-golf/data_scylla/tokenizers/scylla/candidate.vocab meta_path=/workspace/parameter-golf/data_scylla/tokenizers/scylla/candidate.meta.npz source_model_name=/Users/simon/Code/parameter-golf/autoresearch/tokenmonster_discovery/experiments/0054/candidate.vocab vocab_size=998 byte_count_override:1.5108e+08
train_loader:dataset:fineweb_scylla train_shards:1
val_loader:shards pattern=/workspace/parameter-golf/data_scylla/fineweb_scylla/fineweb_val_*.bin tokens:62364672
model_params:6009285
world_size:1 grad_accum_steps:8
attention_backend:flash_attn4_wrapper has_flash_attn:False
sdp_backends:cudnn=False flash=True mem_efficient=False math=False
attention_mode:gqa num_heads:4 num_kv_heads:2
bigram_hash:buckets:8192 dim:128 heads:2 gate:True scale_init:0.05
parcae:prelude:1 core:2 coda:1 recurrent_dim:256 recurrence:2/1 iteration:per-batch sampling:fixed injection:diagonal swiglu_scale:0 residual_mode:sequential parallel_residual_scope:none parallel_residual_start:-1 parallel_residual_ln_scale:True
ple:scope:all dim:32 scale_init:0.05 init_std:0.02 params:160516
tie_embeddings:True embed_lr:0.05 head_lr:0.0 poe_experts:3 poe_extra_heads:2 poe_head_lr:0.002 matrix_lr:0.04 scalar_lr:0.04 muon_steps:5 muon_wd:0.095 muon_row_normalize:True
qat:bits:0 start_step:500 linear:True tied_output:True export_bits:8
gptq:enabled:False calibration_batches:32 reserve_seconds:12 blocksize:128 dampening:0.01 act_order:True quantize_embeddings:True
train_batch_tokens:16384 train_seq_len:512 iterations:1000000 warmup_steps:500 max_wallclock_seconds:300.000
ttt:enabled:False stride:64 chunk_tokens:32768 epochs:3 lr:0.005 momentum:0.9 grad_clip:1
seed:1337
warmup_step:10/500
warmup_step:20/500
warmup_step:30/500
warmup_step:40/500
warmup_step:50/500
warmup_step:60/500
warmup_step:70/500
warmup_step:80/500
warmup_step:90/500
warmup_step:100/500
warmup_step:110/500
warmup_step:120/500
warmup_step:130/500
warmup_step:140/500
warmup_step:150/500
warmup_step:160/500
warmup_step:170/500
warmup_step:180/500
warmup_step:190/500
warmup_step:200/500
warmup_step:210/500
warmup_step:220/500
warmup_step:230/500
warmup_step:240/500
warmup_step:250/500
warmup_step:260/500
warmup_step:270/500
warmup_step:280/500
warmup_step:290/500
warmup_step:300/500
warmup_step:310/500
warmup_step:320/500
warmup_step:330/500
warmup_step:340/500
warmup_step:350/500
warmup_step:360/500
warmup_step:370/500
warmup_step:380/500
warmup_step:390/500
warmup_step:400/500
warmup_step:410/500
warmup_step:420/500
warmup_step:430/500
warmup_step:440/500
warmup_step:450/500
warmup_step:460/500
warmup_step:470/500
warmup_step:480/500
warmup_step:490/500
warmup_step:500/500
step:1/1000000 train_loss:6.9087 train_time:182ms step_avg:182.38ms
step:2/1000000 train_loss:7.0892 train_time:371ms step_avg:185.66ms
step:3/1000000 train_loss:11.6665 train_time:565ms step_avg:188.35ms
step:4/1000000 train_loss:12.0718 train_time:754ms step_avg:188.46ms
step:5/1000000 train_loss:8.7807 train_time:941ms step_avg:188.21ms
step:6/1000000 train_loss:8.3047 train_time:1129ms step_avg:188.12ms
step:7/1000000 train_loss:10.7618 train_time:1317ms step_avg:188.09ms
step:8/1000000 train_loss:10.2364 train_time:1506ms step_avg:188.20ms
step:9/1000000 train_loss:7.7885 train_time:1692ms step_avg:187.97ms
step:10/1000000 train_loss:7.3175 train_time:1874ms step_avg:187.38ms
step:100/1000000 train_loss:3.9622 train_time:17622ms step_avg:176.22ms
step:200/1000000 train_loss:3.8208 train_time:34589ms step_avg:172.94ms
step:300/1000000 train_loss:3.7839 train_time:51648ms step_avg:172.16ms
step:400/1000000 train_loss:3.5902 train_time:68506ms step_avg:171.27ms
step:500/1000000 train_loss:3.6406 train_time:86291ms step_avg:172.58ms
step:600/1000000 train_loss:3.4784 train_time:104248ms step_avg:173.75ms
step:700/1000000 train_loss:3.5395 train_time:122342ms step_avg:174.77ms
step:800/1000000 train_loss:3.4604 train_time:140431ms step_avg:175.54ms
step:900/1000000 train_loss:3.3074 train_time:158343ms step_avg:175.94ms
step:1000/1000000 train_loss:3.2573 train_time:176347ms step_avg:176.35ms
step:1100/1000000 train_loss:3.2967 train_time:193423ms step_avg:175.84ms
step:1200/1000000 train_loss:3.1559 train_time:210092ms step_avg:175.08ms
step:1300/1000000 train_loss:2.9827 train_time:226792ms step_avg:174.46ms
step:1400/1000000 train_loss:3.2334 train_time:243430ms step_avg:173.88ms
step:1500/1000000 train_loss:3.0059 train_time:260082ms step_avg:173.39ms
step:1600/1000000 train_loss:3.0812 train_time:276721ms step_avg:172.95ms
step:1700/1000000 train_loss:2.9809 train_time:293325ms step_avg:172.54ms
step:1741/1000000 val_loss:3.0245 val_bpb:1.8012 train_time:300143ms step_avg:172.40ms
stopping_early: wallclock_cap train_time:300143ms step:1741/1000000
peak memory allocated: 1021 MiB reserved: 1894 MiB
Serialized model: 12047286 bytes
Code size: 147210 bytes
Total submission size: 12194496 bytes
Serialized model int8+zlib: 6492302 bytes (payload:7367918 raw_torch:7390158 payload_ratio:1.63x)
Total submission size int8+zlib: 6639512 bytes
final_int8_zlib_roundtrip val_loss:3.0245 val_bpb:1.8012 eval_time:40528ms
final_int8_zlib_roundtrip_exact val_loss:3.02453770 val_bpb:1.80120923
