logs/exp_scylla_poe3_bigram8192_parallel_core_300.txt
val_bpb:enabled tokenizer_kind=tokenmonster tokenizer_path=/workspace/parameter-golf/data_scylla/tokenizers/scylla/candidate.vocab meta_path=/workspace/parameter-golf/data_scylla/tokenizers/scylla/candidate.meta.npz source_model_name=/Users/simon/Code/parameter-golf/autoresearch/tokenmonster_discovery/experiments/0054/candidate.vocab vocab_size=998 byte_count_override:1.5108e+08
train_loader:dataset:fineweb_scylla train_shards:1
val_loader:shards pattern=/workspace/parameter-golf/data_scylla/fineweb_scylla/fineweb_val_*.bin tokens:62364672
model_params:5848769
world_size:1 grad_accum_steps:8
attention_backend:flash_attn4_wrapper has_flash_attn:False
sdp_backends:cudnn=False flash=True mem_efficient=False math=False
attention_mode:gqa num_heads:4 num_kv_heads:2
bigram_hash:buckets:8192 dim:128 heads:2 gate:True scale_init:0.05
parcae:prelude:1 core:2 coda:1 recurrent_dim:256 recurrence:2/1 iteration:per-batch sampling:fixed injection:diagonal swiglu_scale:0 residual_mode:parallel parallel_residual_scope:core
tie_embeddings:True embed_lr:0.05 head_lr:0.0 poe_experts:3 poe_extra_heads:2 poe_head_lr:0.002 matrix_lr:0.04 scalar_lr:0.04 muon_steps:5 muon_wd:0.095 muon_row_normalize:True
qat:bits:0 start_step:500 linear:True tied_output:True export_bits:8
gptq:enabled:False calibration_batches:32 reserve_seconds:12 blocksize:128 dampening:0.01 act_order:True quantize_embeddings:True
train_batch_tokens:16384 train_seq_len:512 iterations:1000000 warmup_steps:500 max_wallclock_seconds:300.000
ttt:enabled:False stride:64 chunk_tokens:32768 epochs:3 lr:0.005 momentum:0.9 grad_clip:1
seed:1337
warmup_step:10/500
warmup_step:20/500
warmup_step:30/500
warmup_step:40/500
warmup_step:50/500
warmup_step:60/500
warmup_step:70/500
warmup_step:80/500
warmup_step:90/500
warmup_step:100/500
warmup_step:110/500
warmup_step:120/500
warmup_step:130/500
warmup_step:140/500
warmup_step:150/500
warmup_step:160/500
warmup_step:170/500
warmup_step:180/500
warmup_step:190/500
warmup_step:200/500
warmup_step:210/500
warmup_step:220/500
warmup_step:230/500
warmup_step:240/500
warmup_step:250/500
warmup_step:260/500
warmup_step:270/500
warmup_step:280/500
warmup_step:290/500
warmup_step:300/500
warmup_step:310/500
warmup_step:320/500
warmup_step:330/500
warmup_step:340/500
warmup_step:350/500
warmup_step:360/500
warmup_step:370/500
warmup_step:380/500
warmup_step:390/500
warmup_step:400/500
warmup_step:410/500
warmup_step:420/500
warmup_step:430/500
warmup_step:440/500
warmup_step:450/500
warmup_step:460/500
warmup_step:470/500
warmup_step:480/500
warmup_step:490/500
warmup_step:500/500
step:1/1000000 train_loss:6.9096 train_time:153ms step_avg:153.25ms
step:2/1000000 train_loss:7.3941 train_time:349ms step_avg:174.49ms
step:3/1000000 train_loss:8.8691 train_time:504ms step_avg:168.05ms
step:4/1000000 train_loss:12.5747 train_time:661ms step_avg:165.32ms
step:5/1000000 train_loss:9.8052 train_time:818ms step_avg:163.70ms
step:6/1000000 train_loss:8.1036 train_time:978ms step_avg:162.95ms
step:7/1000000 train_loss:8.7589 train_time:1147ms step_avg:163.91ms
step:8/1000000 train_loss:8.4624 train_time:1305ms step_avg:163.18ms
step:9/1000000 train_loss:8.2481 train_time:1465ms step_avg:162.82ms
step:10/1000000 train_loss:7.3320 train_time:1622ms step_avg:162.24ms
step:100/1000000 train_loss:4.0068 train_time:15738ms step_avg:157.38ms
step:200/1000000 train_loss:3.8467 train_time:32072ms step_avg:160.36ms
step:300/1000000 train_loss:3.8174 train_time:48559ms step_avg:161.86ms
step:400/1000000 train_loss:3.5966 train_time:64996ms step_avg:162.49ms
step:500/1000000 train_loss:3.6507 train_time:81382ms step_avg:162.76ms
step:600/1000000 train_loss:3.4962 train_time:97891ms step_avg:163.15ms
step:700/1000000 train_loss:3.5603 train_time:114083ms step_avg:162.98ms
step:800/1000000 train_loss:3.5019 train_time:129180ms step_avg:161.47ms
step:900/1000000 train_loss:3.3387 train_time:144390ms step_avg:160.43ms
step:1000/1000000 train_loss:3.2939 train_time:159603ms step_avg:159.60ms
step:1100/1000000 train_loss:3.3131 train_time:175293ms step_avg:159.36ms
step:1200/1000000 train_loss:3.1709 train_time:190770ms step_avg:158.97ms
step:1300/1000000 train_loss:3.0071 train_time:206636ms step_avg:158.95ms
step:1400/1000000 train_loss:3.2170 train_time:223220ms step_avg:159.44ms
step:1500/1000000 train_loss:3.0152 train_time:239850ms step_avg:159.90ms
step:1600/1000000 train_loss:3.0162 train_time:256018ms step_avg:160.01ms
step:1700/1000000 train_loss:2.9337 train_time:271576ms step_avg:159.75ms
step:1800/1000000 train_loss:2.8629 train_time:287194ms step_avg:159.55ms
step:1885/1000000 val_loss:2.9529 val_bpb:1.7586 train_time:300091ms step_avg:159.20ms
stopping_early: wallclock_cap train_time:300091ms step:1885/1000000
peak memory allocated: 1020 MiB reserved: 1864 MiB
Serialized model: 11722026 bytes
Code size: 129398 bytes
Total submission size: 11851424 bytes
Serialized model int8+zlib: 6238407 bytes (payload:7046886 raw_torch:7065394 payload_ratio:1.66x)
Total submission size int8+zlib: 6367805 bytes
final_int8_zlib_roundtrip val_loss:2.9530 val_bpb:1.7586 eval_time:38546ms
final_int8_zlib_roundtrip_exact val_loss:2.95299381 val_bpb:1.75860255
