logs/exp_scylla_poe3_bigram8192_ple_coda32_after_adam_scale_lr0p004_300.txt
val_bpb:enabled tokenizer_kind=tokenmonster tokenizer_path=/workspace/parameter-golf/data_scylla/tokenizers/scylla/candidate.vocab meta_path=/workspace/parameter-golf/data_scylla/tokenizers/scylla/candidate.meta.npz source_model_name=/Users/simon/Code/parameter-golf/autoresearch/tokenmonster_discovery/experiments/0054/candidate.vocab vocab_size=998 byte_count_override:1.5108e+08
train_loader:dataset:fineweb_scylla train_shards:1
val_loader:shards pattern=/workspace/parameter-golf/data_scylla/fineweb_scylla/fineweb_val_*.bin tokens:62364672
model_params:5888898
world_size:1 grad_accum_steps:8
attention_backend:flash_attn4_wrapper has_flash_attn:False
sdp_backends:cudnn=False flash=True mem_efficient=False math=False
attention_mode:gqa num_heads:4 num_kv_heads:2
bigram_hash:buckets:8192 dim:128 heads:2 gate:True scale_init:0.05
parcae:prelude:1 core:2 coda:1 recurrent_dim:256 recurrence:2/1 iteration:per-batch sampling:fixed injection:diagonal swiglu_scale:0 residual_mode:sequential parallel_residual_scope:none parallel_residual_start:-1 parallel_residual_ln_scale:True
ple:scope:coda dim:32 scale_init:0.02 init_std:0.02 placement:after proj_optimizer:adam proj_lr:0.01 scale_lr:0.004 params:40129
laurel:scope:none rank:0 scale_init:0.01 norm:True params:0
tie_embeddings:True embed_lr:0.05 head_lr:0.0 poe_experts:3 poe_extra_heads:2 poe_head_lr:0.002 matrix_lr:0.04 scalar_lr:0.04 muon_steps:5 muon_wd:0.095 muon_row_normalize:True
qat:bits:0 start_step:500 linear:True tied_output:True export_bits:8
gptq:enabled:False calibration_batches:32 reserve_seconds:12 blocksize:128 dampening:0.01 act_order:True quantize_embeddings:True
train_batch_tokens:16384 train_seq_len:512 iterations:1000000 warmup_steps:500 max_wallclock_seconds:300.000
ttt:enabled:False stride:64 chunk_tokens:32768 epochs:3 lr:0.005 momentum:0.9 grad_clip:1
seed:1337
warmup_step:10/500
warmup_step:20/500
warmup_step:30/500
warmup_step:40/500
warmup_step:50/500
warmup_step:60/500
warmup_step:70/500
warmup_step:80/500
warmup_step:90/500
warmup_step:100/500
warmup_step:110/500
warmup_step:120/500
warmup_step:130/500
warmup_step:140/500
warmup_step:150/500
warmup_step:160/500
warmup_step:170/500
warmup_step:180/500
warmup_step:190/500
warmup_step:200/500
warmup_step:210/500
warmup_step:220/500
warmup_step:230/500
warmup_step:240/500
warmup_step:250/500
warmup_step:260/500
warmup_step:270/500
warmup_step:280/500
warmup_step:290/500
warmup_step:300/500
warmup_step:310/500
warmup_step:320/500
warmup_step:330/500
warmup_step:340/500
warmup_step:350/500
warmup_step:360/500
warmup_step:370/500
warmup_step:380/500
warmup_step:390/500
warmup_step:400/500
warmup_step:410/500
warmup_step:420/500
warmup_step:430/500
warmup_step:440/500
warmup_step:450/500
warmup_step:460/500
warmup_step:470/500
warmup_step:480/500
warmup_step:490/500
warmup_step:500/500
step:1/1000000 train_loss:6.9080 train_time:187ms step_avg:186.53ms ple_scale_abs:0.0200195 ple_raw_rms:0.0198815 ple_injected_rms:0.000398037 ple_x_rms:0.370931 ple_injected_ratio:0.00107308 ple_embed_grad:7.92189e-05 ple_proj_grad:8.81795e-06 ple_scale_grad:5.34654e-05
step:2/1000000 train_loss:7.0696 train_time:359ms step_avg:179.74ms ple_scale_abs:0.0240188 ple_raw_rms:0.0520799 ple_injected_rms:0.0012525 ple_x_rms:0.484044 ple_injected_ratio:0.00258758 ple_embed_grad:0.00239991 ple_proj_grad:0.000823784 ple_scale_grad:0.0102863
step:3/1000000 train_loss:8.8217 train_time:543ms step_avg:180.84ms ple_scale_abs:0.0269723 ple_raw_rms:0.0688306 ple_injected_rms:0.00185685 ple_x_rms:0.695992 ple_injected_ratio:0.00266792 ple_embed_grad:0.00219607 ple_proj_grad:0.00245202 ple_scale_grad:0.0110779
step:4/1000000 train_loss:12.0541 train_time:716ms step_avg:178.99ms ple_scale_abs:0.0266759 ple_raw_rms:0.0865975 ple_injected_rms:0.00231509 ple_x_rms:0.789544 ple_injected_ratio:0.00293218 ple_embed_grad:0.00404545 ple_proj_grad:0.00328811 ple_scale_grad:0.0178719
step:5/1000000 train_loss:9.6011 train_time:888ms step_avg:177.68ms ple_scale_abs:0.0282572 ple_raw_rms:0.101908 ple_injected_rms:0.00287343 ple_x_rms:0.823046 ple_injected_ratio:0.00349121 ple_embed_grad:0.00238261 ple_proj_grad:0.00570403 ple_scale_grad:0.196777
step:6/1000000 train_loss:9.5936 train_time:1060ms step_avg:176.73ms ple_scale_abs:0.0304751 ple_raw_rms:0.119758 ple_injected_rms:0.00365532 ple_x_rms:1.1202 ple_injected_ratio:0.00326311 ple_embed_grad:0.00373101 ple_proj_grad:0.00425766 ple_scale_grad:0.105957
step:7/1000000 train_loss:9.9938 train_time:1242ms step_avg:177.50ms ple_scale_abs:0.0331185 ple_raw_rms:0.138417 ple_injected_rms:0.00459558 ple_x_rms:1.2088 ple_injected_ratio:0.00380178 ple_embed_grad:0.00572322 ple_proj_grad:0.00938611 ple_scale_grad:0.160156
step:8/1000000 train_loss:9.0026 train_time:1415ms step_avg:176.89ms ple_scale_abs:0.0361197 ple_raw_rms:0.161209 ple_injected_rms:0.00582468 ple_x_rms:1.48789 ple_injected_ratio:0.00391471 ple_embed_grad:0.00344931 ple_proj_grad:0.00466867 ple_scale_grad:0.131042
step:9/1000000 train_loss:7.9268 train_time:1585ms step_avg:176.12ms ple_scale_abs:0.0393336 ple_raw_rms:0.180245 ple_injected_rms:0.00708513 ple_x_rms:1.62984 ple_injected_ratio:0.00434714 ple_embed_grad:0.00242333 ple_proj_grad:0.00521686 ple_scale_grad:0.218506
step:10/1000000 train_loss:8.6800 train_time:1757ms step_avg:175.75ms ple_scale_abs:0.0427089 ple_raw_rms:0.201701 ple_injected_rms:0.00861807 ple_x_rms:1.96618 ple_injected_ratio:0.00438314 ple_embed_grad:0.00227719 ple_proj_grad:0.00547214 ple_scale_grad:0.155396
step:100/1000000 train_loss:4.0195 train_time:16847ms step_avg:168.47ms ple_scale_abs:0.198731 ple_raw_rms:2.214 ple_injected_rms:0.441039 ple_x_rms:9.28089 ple_injected_ratio:0.0475211 ple_embed_grad:0.00192195 ple_proj_grad:0.00216262 ple_scale_grad:0.000637054
step:200/1000000 train_loss:3.8285 train_time:33616ms step_avg:168.08ms ple_scale_abs:0.335566 ple_raw_rms:3.37312 ple_injected_rms:1.13306 ple_x_rms:7.13408 ple_injected_ratio:0.158824 ple_embed_grad:0.00231498 ple_proj_grad:0.00427983 ple_scale_grad:0.0201349
step:300/1000000 train_loss:3.8082 train_time:49357ms step_avg:164.52ms ple_scale_abs:0.428392 ple_raw_rms:3.43585 ple_injected_rms:1.46966 ple_x_rms:6.51918 ple_injected_ratio:0.225436 ple_embed_grad:0.00323428 ple_proj_grad:0.00895433 ple_scale_grad:0.0551605
step:400/1000000 train_loss:3.6023 train_time:65087ms step_avg:162.72ms ple_scale_abs:0.555498 ple_raw_rms:3.83396 ple_injected_rms:2.12669 ple_x_rms:7.29451 ple_injected_ratio:0.291546 ple_embed_grad:0.00430428 ple_proj_grad:0.0102879 ple_scale_grad:0.0016098
step:500/1000000 train_loss:3.6375 train_time:81706ms step_avg:163.41ms ple_scale_abs:0.711568 ple_raw_rms:4.10799 ple_injected_rms:2.92061 ple_x_rms:10.0151 ple_injected_ratio:0.29162 ple_embed_grad:0.00412303 ple_proj_grad:0.0112728 ple_scale_grad:0.0221519
step:600/1000000 train_loss:3.4825 train_time:98455ms step_avg:164.09ms ple_scale_abs:0.883422 ple_raw_rms:4.56841 ple_injected_rms:4.03331 ple_x_rms:12.8257 ple_injected_ratio:0.314472 ple_embed_grad:0.00425883 ple_proj_grad:0.0116202 ple_scale_grad:0.0101128
step:700/1000000 train_loss:3.5336 train_time:114729ms step_avg:163.90ms ple_scale_abs:0.967509 ple_raw_rms:4.73043 ple_injected_rms:4.58339 ple_x_rms:15.6933 ple_injected_ratio:0.29206 ple_embed_grad:0.00350994 ple_proj_grad:0.0107359 ple_scale_grad:0.0164452
step:800/1000000 train_loss:3.4765 train_time:130752ms step_avg:163.44ms ple_scale_abs:1.00512 ple_raw_rms:5.12413 ple_injected_rms:5.16232 ple_x_rms:16.605 ple_injected_ratio:0.310889 ple_embed_grad:0.00396292 ple_proj_grad:0.0115259 ple_scale_grad:0.00509548
step:900/1000000 train_loss:3.3091 train_time:147372ms step_avg:163.75ms ple_scale_abs:1.05012 ple_raw_rms:5.47331 ple_injected_rms:5.72967 ple_x_rms:18.7008 ple_injected_ratio:0.306386 ple_embed_grad:0.00377095 ple_proj_grad:0.0120766 ple_scale_grad:0.00213146
step:1000/1000000 train_loss:3.2777 train_time:163825ms step_avg:163.82ms ple_scale_abs:1.07041 ple_raw_rms:5.49129 ple_injected_rms:5.87732 ple_x_rms:19.9417 ple_injected_ratio:0.294725 ple_embed_grad:0.00367098 ple_proj_grad:0.0117456 ple_scale_grad:0.00173187
step:1100/1000000 train_loss:3.2960 train_time:179649ms step_avg:163.32ms ple_scale_abs:1.13473 ple_raw_rms:5.75349 ple_injected_rms:6.51757 ple_x_rms:22.1029 ple_injected_ratio:0.294874 ple_embed_grad:0.00367383 ple_proj_grad:0.0109052 ple_scale_grad:0.00353241
step:1200/1000000 train_loss:3.1684 train_time:195416ms step_avg:162.85ms ple_scale_abs:1.18835 ple_raw_rms:5.90613 ple_injected_rms:7.01292 ple_x_rms:25.4889 ple_injected_ratio:0.275136 ple_embed_grad:0.00506533 ple_proj_grad:0.015669 ple_scale_grad:0.000254154
step:1300/1000000 train_loss:3.0220 train_time:211370ms step_avg:162.59ms ple_scale_abs:1.26503 ple_raw_rms:5.95037 ple_injected_rms:7.53075 ple_x_rms:30.1496 ple_injected_ratio:0.249779 ple_embed_grad:0.00328351 ple_proj_grad:0.0100392 ple_scale_grad:0.00504303
step:1400/1000000 train_loss:3.2891 train_time:227104ms step_avg:162.22ms ple_scale_abs:1.30823 ple_raw_rms:6.70583 ple_injected_rms:8.74819 ple_x_rms:34.2615 ple_injected_ratio:0.255336 ple_embed_grad:0.00465116 ple_proj_grad:0.0160942 ple_scale_grad:0.0195827
step:1500/1000000 train_loss:3.0703 train_time:242831ms step_avg:161.89ms ple_scale_abs:1.33722 ple_raw_rms:6.37467 ple_injected_rms:8.51454 ple_x_rms:36.0626 ple_injected_ratio:0.236104 ple_embed_grad:0.00282884 ple_proj_grad:0.0103414 ple_scale_grad:0.00752449
step:1600/1000000 train_loss:3.1482 train_time:258902ms step_avg:161.81ms ple_scale_abs:1.34442 ple_raw_rms:6.36272 ple_injected_rms:8.55015 ple_x_rms:35.094 ple_injected_ratio:0.243635 ple_embed_grad:0.00347877 ple_proj_grad:0.0114607 ple_scale_grad:0.0145721
step:1700/1000000 train_loss:3.0159 train_time:274924ms step_avg:161.72ms ple_scale_abs:1.32865 ple_raw_rms:5.93465 ple_injected_rms:7.87951 ple_x_rms:36.3591 ple_injected_ratio:0.216714 ple_embed_grad:0.00282381 ple_proj_grad:0.00868205 ple_scale_grad:0.00416422
step:1800/1000000 train_loss:2.9030 train_time:290634ms step_avg:161.46ms ple_scale_abs:1.31351 ple_raw_rms:6.12042 ple_injected_rms:8.03363 ple_x_rms:35.1133 ple_injected_ratio:0.228792 ple_embed_grad:0.00245562 ple_proj_grad:0.00747548 ple_scale_grad:0.00190449
step:1856/1000000 val_loss:3.0269 val_bpb:1.8026 train_time:300057ms step_avg:161.67ms
stopping_early: wallclock_cap train_time:300057ms step:1856/1000000
peak memory allocated: 1020 MiB reserved: 1888 MiB
Serialized model: 11803373 bytes
Code size: 158241 bytes
Total submission size: 11961614 bytes
Serialized model int8+zlib: 6303266 bytes (payload:7127144 raw_torch:7146601 payload_ratio:1.65x)
Total submission size int8+zlib: 6461507 bytes
final_int8_zlib_roundtrip val_loss:3.0270 val_bpb:1.8027 eval_time:39862ms
final_int8_zlib_roundtrip_exact val_loss:3.02696866 val_bpb:1.80265695
