logs/exp_scylla_poe3_diag_ttt_compare_300.txt
val_bpb:enabled tokenizer_kind=tokenmonster tokenizer_path=/workspace/parameter-golf/data_scylla/tokenizers/scylla/candidate.vocab meta_path=/workspace/parameter-golf/data_scylla/tokenizers/scylla/candidate.meta.npz source_model_name=/Users/simon/Code/parameter-golf/autoresearch/tokenmonster_discovery/experiments/0054/candidate.vocab vocab_size=998 byte_count_override:1.5108e+08
train_loader:dataset:fineweb_scylla train_shards:1
val_loader:shards pattern=/workspace/parameter-golf/data_scylla/fineweb_scylla/fineweb_val_*.bin tokens:62364672
model_params:4800193
world_size:1 grad_accum_steps:8
attention_backend:flash_attn4_wrapper has_flash_attn:False
sdp_backends:cudnn=False flash=True mem_efficient=False math=False
attention_mode:gqa num_heads:4 num_kv_heads:2
bigram_hash:buckets:4096 dim:128 heads:2 gate:True scale_init:0.05
parcae:prelude:1 core:2 coda:1 recurrent_dim:256 recurrence:2/1 iteration:per-batch sampling:fixed injection:diagonal swiglu_scale:0
tie_embeddings:True embed_lr:0.05 head_lr:0.0 poe_experts:3 poe_extra_heads:2 poe_head_lr:0.002 matrix_lr:0.04 scalar_lr:0.04 muon_wd:0.095 muon_row_normalize:True
qat:bits:0 start_step:500 linear:True tied_output:True export_bits:8
gptq:enabled:False calibration_batches:32 reserve_seconds:12 blocksize:128 dampening:0.01 act_order:True quantize_embeddings:True
train_batch_tokens:16384 train_seq_len:512 iterations:1000000 warmup_steps:500 max_wallclock_seconds:300.000
ttt:enabled:True stride:64 chunk_tokens:32768 epochs:3 lr:0.005 momentum:0.9 grad_clip:1
seed:1337
warmup_step:10/500
warmup_step:20/500
warmup_step:30/500
warmup_step:40/500
warmup_step:50/500
warmup_step:60/500
warmup_step:70/500
warmup_step:80/500
warmup_step:90/500
warmup_step:100/500
warmup_step:110/500
warmup_step:120/500
warmup_step:130/500
warmup_step:140/500
warmup_step:150/500
warmup_step:160/500
warmup_step:170/500
warmup_step:180/500
warmup_step:190/500
warmup_step:200/500
warmup_step:210/500
warmup_step:220/500
warmup_step:230/500
warmup_step:240/500
warmup_step:250/500
warmup_step:260/500
warmup_step:270/500
warmup_step:280/500
warmup_step:290/500
warmup_step:300/500
warmup_step:310/500
warmup_step:320/500
warmup_step:330/500
warmup_step:340/500
warmup_step:350/500
warmup_step:360/500
warmup_step:370/500
warmup_step:380/500
warmup_step:390/500
warmup_step:400/500
warmup_step:410/500
warmup_step:420/500
warmup_step:430/500
warmup_step:440/500
warmup_step:450/500
warmup_step:460/500
warmup_step:470/500
warmup_step:480/500
warmup_step:490/500
warmup_step:500/500
step:1/1000000 train_loss:6.9024 train_time:177ms step_avg:177.35ms
step:2/1000000 train_loss:7.0074 train_time:354ms step_avg:177.04ms
step:3/1000000 train_loss:10.8553 train_time:525ms step_avg:174.99ms
step:4/1000000 train_loss:12.9171 train_time:706ms step_avg:176.44ms
step:5/1000000 train_loss:9.4177 train_time:901ms step_avg:180.26ms
step:6/1000000 train_loss:10.1173 train_time:1071ms step_avg:178.58ms
step:7/1000000 train_loss:10.1117 train_time:1243ms step_avg:177.58ms
step:8/1000000 train_loss:10.0764 train_time:1415ms step_avg:176.91ms
step:9/1000000 train_loss:8.0866 train_time:1586ms step_avg:176.26ms
step:10/1000000 train_loss:7.6456 train_time:1756ms step_avg:175.64ms
step:100/1000000 train_loss:4.0424 train_time:16345ms step_avg:163.45ms
step:200/1000000 train_loss:3.8903 train_time:32216ms step_avg:161.08ms
step:300/1000000 train_loss:3.8616 train_time:46969ms step_avg:156.56ms
step:400/1000000 train_loss:3.6215 train_time:61779ms step_avg:154.45ms
step:500/1000000 train_loss:3.6743 train_time:76497ms step_avg:152.99ms
step:600/1000000 train_loss:3.5205 train_time:91283ms step_avg:152.14ms
step:700/1000000 train_loss:3.5857 train_time:106088ms step_avg:151.55ms
step:800/1000000 train_loss:3.5487 train_time:120899ms step_avg:151.12ms
step:900/1000000 train_loss:3.3774 train_time:135730ms step_avg:150.81ms
step:1000/1000000 train_loss:3.2185 train_time:150660ms step_avg:150.66ms
step:1100/1000000 train_loss:3.2103 train_time:165584ms step_avg:150.53ms
step:1200/1000000 train_loss:3.0208 train_time:180448ms step_avg:150.37ms
step:1300/1000000 train_loss:2.9021 train_time:195329ms step_avg:150.25ms
step:1400/1000000 train_loss:3.1399 train_time:210222ms step_avg:150.16ms
step:1500/1000000 train_loss:2.9972 train_time:225156ms step_avg:150.10ms
step:1600/1000000 train_loss:2.9867 train_time:240146ms step_avg:150.09ms
step:1700/1000000 train_loss:2.9246 train_time:255094ms step_avg:150.06ms
step:1800/1000000 train_loss:2.8581 train_time:270052ms step_avg:150.03ms
step:1900/1000000 train_loss:2.8547 train_time:285003ms step_avg:150.00ms
step:1996/1000000 val_loss:2.9074 val_bpb:1.7314 train_time:300005ms step_avg:150.30ms
stopping_early: wallclock_cap train_time:300005ms step:1996/1000000
peak memory allocated: 1013 MiB reserved: 1864 MiB
Serialized model: 9624874 bytes
Code size: 127202 bytes
Total submission size: 9752076 bytes
Serialized model int8+zlib: 5228329 bytes (payload:5981926 raw_torch:6000434 payload_ratio:1.61x)
Total submission size int8+zlib: 5355531 bytes
final_int8_zlib_roundtrip val_loss:2.9074 val_bpb:1.7315 eval_time:38491ms
final_int8_zlib_roundtrip_exact val_loss:2.90743516 val_bpb:1.73147091
ttt:start chunks:1904 chunk_tokens:32768 epochs:3 lr:0.005 stride:64 batch_seqs:32
ttt:chunk:1/1904 lr:0.005 scored_windows:505
ttt:chunk:100/1904 lr:0.00496669 scored_windows:512
ttt:chunk:200/1904 lr:0.0048663 scored_windows:512
ttt:chunk:300/1904 lr:0.00470157 scored_windows:512
ttt:chunk:400/1904 lr:0.00447698 scored_windows:512
ttt:chunk:500/1904 lr:0.00419863 scored_windows:512
ttt:chunk:600/1904 lr:0.00387409 scored_windows:512
ttt:chunk:700/1904 lr:0.00351219 scored_windows:512
ttt:chunk:800/1904 lr:0.00312276 scored_windows:512
ttt:chunk:900/1904 lr:0.0027164 scored_windows:512
ttt:chunk:1000/1904 lr:0.00230416 scored_windows:512
ttt:chunk:1100/1904 lr:0.00189724 scored_windows:512
ttt:chunk:1200/1904 lr:0.00150671 scored_windows:512
ttt:chunk:1300/1904 lr:0.00114319 scored_windows:512
ttt:chunk:1400/1904 lr:0.000816568 scored_windows:512
ttt:chunk:1500/1904 lr:0.000535718 scored_windows:512
ttt:chunk:1600/1904 lr:0.00030828 scored_windows:512
ttt:chunk:1700/1904 lr:0.000140438 scored_windows:512
ttt:chunk:1800/1904 lr:3.67563e-05 scored_windows:512
ttt:chunk:1900/1904 lr:5.45068e-08 scored_windows:512
ttt:chunk:1903/1904 lr:3.40669e-09 scored_windows:512
final_int8_zlib_roundtrip_ttt val_loss:2.8306 val_bpb:1.6857 eval_time:682647ms
final_int8_zlib_roundtrip_ttt_exact val_loss:2.83060149 val_bpb:1.68571400
