logs/exp_scylla_poe3_diag_scale_compare_300_rerun.txt
val_bpb:enabled tokenizer_kind=tokenmonster tokenizer_path=/workspace/parameter-golf/data_scylla/tokenizers/scylla/candidate.vocab meta_path=/workspace/parameter-golf/data_scylla/tokenizers/scylla/candidate.meta.npz source_model_name=/Users/simon/Code/parameter-golf/autoresearch/tokenmonster_discovery/experiments/0054/candidate.vocab vocab_size=998
train_loader:dataset:fineweb_scylla train_shards:1
val_loader:shards pattern=/workspace/parameter-golf/data_scylla/fineweb_scylla/fineweb_val_*.bin tokens:62364672
model_params:4800193
world_size:1 grad_accum_steps:8
attention_backend:flash_attn4_wrapper has_flash_attn:False
sdp_backends:cudnn=False flash=True mem_efficient=False math=False
attention_mode:gqa num_heads:4 num_kv_heads:2
bigram_hash:buckets:4096 dim:128 heads:2 gate:True scale_init:0.05
parcae:prelude:1 core:2 coda:1 recurrent_dim:256 recurrence:2/1 iteration:per-batch sampling:fixed injection:diagonal swiglu_scale:0
tie_embeddings:True embed_lr:0.05 head_lr:0.0 poe_experts:3 poe_extra_heads:2 poe_head_lr:0.002 matrix_lr:0.04 scalar_lr:0.04 muon_wd:0.095 muon_row_normalize:True
qat:bits:0 start_step:500 linear:True tied_output:True export_bits:8
gptq:enabled:False calibration_batches:32 reserve_seconds:12 blocksize:128 dampening:0.01 act_order:True quantize_embeddings:True
train_batch_tokens:16384 train_seq_len:512 iterations:1000000 warmup_steps:500 max_wallclock_seconds:300.000
ttt:enabled:False stride:64 chunk_tokens:32768 epochs:3 lr:0.005 momentum:0.9 grad_clip:1
seed:1337
warmup_step:10/500
warmup_step:20/500
warmup_step:30/500
warmup_step:40/500
warmup_step:50/500
warmup_step:60/500
warmup_step:70/500
warmup_step:80/500
warmup_step:90/500
warmup_step:100/500
warmup_step:110/500
warmup_step:120/500
warmup_step:130/500
warmup_step:140/500
warmup_step:150/500
warmup_step:160/500
warmup_step:170/500
warmup_step:180/500
warmup_step:190/500
warmup_step:200/500
warmup_step:210/500
warmup_step:220/500
warmup_step:230/500
warmup_step:240/500
warmup_step:250/500
warmup_step:260/500
warmup_step:270/500
warmup_step:280/500
warmup_step:290/500
warmup_step:300/500
warmup_step:310/500
warmup_step:320/500
warmup_step:330/500
warmup_step:340/500
warmup_step:350/500
warmup_step:360/500
warmup_step:370/500
warmup_step:380/500
warmup_step:390/500
warmup_step:400/500
warmup_step:410/500
warmup_step:420/500
warmup_step:430/500
warmup_step:440/500
warmup_step:450/500
warmup_step:460/500
warmup_step:470/500
warmup_step:480/500
warmup_step:490/500
warmup_step:500/500
step:1/1000000 train_loss:6.9024 train_time:164ms step_avg:164.21ms
step:2/1000000 train_loss:7.0075 train_time:329ms step_avg:164.31ms
step:3/1000000 train_loss:10.8901 train_time:488ms step_avg:162.82ms
step:4/1000000 train_loss:12.9069 train_time:647ms step_avg:161.66ms
step:5/1000000 train_loss:9.4173 train_time:805ms step_avg:161.01ms
step:6/1000000 train_loss:10.1086 train_time:975ms step_avg:162.43ms
step:7/1000000 train_loss:10.1778 train_time:1134ms step_avg:162.06ms
step:8/1000000 train_loss:10.0607 train_time:1294ms step_avg:161.71ms
step:9/1000000 train_loss:8.0383 train_time:1452ms step_avg:161.36ms
step:10/1000000 train_loss:7.5610 train_time:1613ms step_avg:161.33ms
step:100/1000000 train_loss:4.0491 train_time:15240ms step_avg:152.40ms
step:200/1000000 train_loss:3.8975 train_time:30394ms step_avg:151.97ms
step:300/1000000 train_loss:3.8623 train_time:45473ms step_avg:151.58ms
step:400/1000000 train_loss:3.6243 train_time:60538ms step_avg:151.34ms
step:500/1000000 train_loss:3.6910 train_time:75654ms step_avg:151.31ms
step:600/1000000 train_loss:3.5310 train_time:90915ms step_avg:151.52ms
step:700/1000000 train_loss:3.5926 train_time:105920ms step_avg:151.31ms
step:800/1000000 train_loss:3.5555 train_time:120878ms step_avg:151.10ms
step:900/1000000 train_loss:3.3961 train_time:135833ms step_avg:150.93ms
step:1000/1000000 train_loss:3.3532 train_time:150754ms step_avg:150.75ms
step:1100/1000000 train_loss:3.3720 train_time:165747ms step_avg:150.68ms
step:1200/1000000 train_loss:3.1644 train_time:180700ms step_avg:150.58ms
step:1300/1000000 train_loss:2.9370 train_time:195669ms step_avg:150.51ms
step:1400/1000000 train_loss:3.1703 train_time:210587ms step_avg:150.42ms
step:1500/1000000 train_loss:3.0089 train_time:225506ms step_avg:150.34ms
step:1600/1000000 train_loss:3.0149 train_time:240458ms step_avg:150.29ms
step:1700/1000000 train_loss:2.9371 train_time:255425ms step_avg:150.25ms
step:1800/1000000 train_loss:2.8711 train_time:270379ms step_avg:150.21ms
step:1900/1000000 train_loss:2.8684 train_time:285308ms step_avg:150.16ms
step:1991/1000000 val_loss:2.9157 val_bpb:1.6300 train_time:300123ms step_avg:150.74ms
stopping_early: wallclock_cap train_time:300123ms step:1991/1000000
peak memory allocated: 1013 MiB reserved: 1864 MiB
Serialized model: 9624874 bytes
Code size: 126943 bytes
Total submission size: 9751817 bytes
Serialized model int8+zlib: 5228425 bytes (payload:5981926 raw_torch:6000434 payload_ratio:1.61x)
Total submission size int8+zlib: 5355368 bytes
final_int8_zlib_roundtrip val_loss:2.9158 val_bpb:1.6301 eval_time:38508ms
final_int8_zlib_roundtrip_exact val_loss:2.91578821 val_bpb:1.63007385
