logs/exp_scylla_poe3_swiglu_add_scale0p1_compare_300.txt
val_bpb:enabled tokenizer_kind=tokenmonster tokenizer_path=/workspace/parameter-golf/data_scylla/tokenizers/scylla/candidate.vocab meta_path=/workspace/parameter-golf/data_scylla/tokenizers/scylla/candidate.meta.npz source_model_name=/Users/simon/Code/parameter-golf/autoresearch/tokenmonster_discovery/experiments/0054/candidate.vocab vocab_size=998
train_loader:dataset:fineweb_scylla train_shards:1
val_loader:shards pattern=/workspace/parameter-golf/data_scylla/fineweb_scylla/fineweb_val_*.bin tokens:62364672
model_params:4865218
world_size:1 grad_accum_steps:8
attention_backend:flash_attn4_wrapper has_flash_attn:False
sdp_backends:cudnn=False flash=True mem_efficient=False math=False
attention_mode:gqa num_heads:4 num_kv_heads:2
bigram_hash:buckets:4096 dim:128 heads:2 gate:True scale_init:0.05
parcae:prelude:1 core:2 coda:1 recurrent_dim:256 recurrence:2/1 iteration:per-batch sampling:fixed injection:swiglu-add swiglu_scale:0.1
tie_embeddings:True embed_lr:0.05 head_lr:0.0 poe_experts:3 poe_extra_heads:2 poe_head_lr:0.002 matrix_lr:0.04 scalar_lr:0.04 muon_wd:0.095 muon_row_normalize:True
qat:bits:0 start_step:500 linear:True tied_output:True export_bits:8
gptq:enabled:False calibration_batches:32 reserve_seconds:12 blocksize:128 dampening:0.01 act_order:True quantize_embeddings:True
train_batch_tokens:16384 train_seq_len:512 iterations:1000000 warmup_steps:500 max_wallclock_seconds:300.000
ttt:enabled:False stride:64 chunk_tokens:32768 epochs:3 lr:0.005 momentum:0.9 grad_clip:1
seed:1337
warmup_step:10/500
warmup_step:20/500
warmup_step:30/500
warmup_step:40/500
warmup_step:50/500
warmup_step:60/500
warmup_step:70/500
warmup_step:80/500
warmup_step:90/500
warmup_step:100/500
warmup_step:110/500
warmup_step:120/500
warmup_step:130/500
warmup_step:140/500
warmup_step:150/500
warmup_step:160/500
warmup_step:170/500
warmup_step:180/500
warmup_step:190/500
warmup_step:200/500
warmup_step:210/500
warmup_step:220/500
warmup_step:230/500
warmup_step:240/500
warmup_step:250/500
warmup_step:260/500
warmup_step:270/500
warmup_step:280/500
warmup_step:290/500
warmup_step:300/500
warmup_step:310/500
warmup_step:320/500
warmup_step:330/500
warmup_step:340/500
warmup_step:350/500
warmup_step:360/500
warmup_step:370/500
warmup_step:380/500
warmup_step:390/500
warmup_step:400/500
warmup_step:410/500
warmup_step:420/500
warmup_step:430/500
warmup_step:440/500
warmup_step:450/500
warmup_step:460/500
warmup_step:470/500
warmup_step:480/500
warmup_step:490/500
warmup_step:500/500
step:1/1000000 train_loss:6.9027 train_time:167ms step_avg:166.71ms
step:2/1000000 train_loss:8.3479 train_time:324ms step_avg:162.12ms
step:3/1000000 train_loss:9.8719 train_time:481ms step_avg:160.26ms
step:4/1000000 train_loss:9.0305 train_time:634ms step_avg:158.56ms
step:5/1000000 train_loss:8.2509 train_time:798ms step_avg:159.67ms
step:6/1000000 train_loss:7.6976 train_time:953ms step_avg:158.76ms
step:7/1000000 train_loss:7.5593 train_time:1106ms step_avg:158.00ms
step:8/1000000 train_loss:7.7472 train_time:1260ms step_avg:157.51ms
step:9/1000000 train_loss:7.7676 train_time:1414ms step_avg:157.16ms
step:10/1000000 train_loss:7.3400 train_time:1568ms step_avg:156.83ms
step:100/1000000 train_loss:4.2842 train_time:14682ms step_avg:146.82ms
step:200/1000000 train_loss:3.9395 train_time:29211ms step_avg:146.05ms
step:300/1000000 train_loss:3.8850 train_time:43759ms step_avg:145.86ms
step:400/1000000 train_loss:3.6397 train_time:58310ms step_avg:145.78ms
step:500/1000000 train_loss:3.6934 train_time:72897ms step_avg:145.79ms
step:600/1000000 train_loss:3.5703 train_time:87833ms step_avg:146.39ms
step:700/1000000 train_loss:3.6252 train_time:103534ms step_avg:147.91ms
step:800/1000000 train_loss:3.5924 train_time:119274ms step_avg:149.09ms
step:900/1000000 train_loss:3.4514 train_time:135109ms step_avg:150.12ms
step:1000/1000000 train_loss:3.3960 train_time:151004ms step_avg:151.00ms
step:1100/1000000 train_loss:3.4270 train_time:165918ms step_avg:150.83ms
step:1200/1000000 train_loss:3.2805 train_time:180525ms step_avg:150.44ms
step:1300/1000000 train_loss:3.1214 train_time:195148ms step_avg:150.11ms
step:1400/1000000 train_loss:3.4134 train_time:209758ms step_avg:149.83ms
step:1500/1000000 train_loss:3.1578 train_time:224398ms step_avg:149.60ms
step:1600/1000000 train_loss:3.1780 train_time:238974ms step_avg:149.36ms
step:1700/1000000 train_loss:3.0490 train_time:253547ms step_avg:149.15ms
step:1800/1000000 train_loss:2.9802 train_time:267999ms step_avg:148.89ms
step:1900/1000000 train_loss:2.9793 train_time:282525ms step_avg:148.70ms
step:2000/1000000 train_loss:2.9475 train_time:297361ms step_avg:148.68ms
step:2017/1000000 val_loss:3.0178 val_bpb:1.6871 train_time:300039ms step_avg:148.76ms
stopping_early: wallclock_cap train_time:300039ms step:2017/1000000
peak memory allocated: 949 MiB reserved: 1868 MiB
Serialized model: 9753577 bytes
Code size: 126943 bytes
Total submission size: 9880520 bytes
Serialized model int8+zlib: 5237196 bytes (payload:5981928 raw_torch:6000370 payload_ratio:1.63x)
Total submission size int8+zlib: 5364139 bytes
final_int8_zlib_roundtrip val_loss:3.0179 val_bpb:1.6872 eval_time:37200ms
final_int8_zlib_roundtrip_exact val_loss:3.01792921 val_bpb:1.68717587
