===== START ns5_row1 run_id=exp_scylla_poe3_bigram8192_muon_ns5_row1_300_rerun 2026-04-26T02:03:13Z =====
logs/exp_scylla_poe3_bigram8192_muon_ns5_row1_300_rerun.txt
val_bpb:enabled tokenizer_kind=tokenmonster tokenizer_path=/workspace/parameter-golf/data_scylla/tokenizers/scylla/candidate.vocab meta_path=/workspace/parameter-golf/data_scylla/tokenizers/scylla/candidate.meta.npz source_model_name=/Users/simon/Code/parameter-golf/autoresearch/tokenmonster_discovery/experiments/0054/candidate.vocab vocab_size=998 byte_count_override:1.5108e+08
train_loader:dataset:fineweb_scylla train_shards:1
val_loader:shards pattern=/workspace/parameter-golf/data_scylla/fineweb_scylla/fineweb_val_*.bin tokens:62364672
model_params:5848769
world_size:1 grad_accum_steps:8
attention_backend:flash_attn4_wrapper has_flash_attn:False
sdp_backends:cudnn=False flash=True mem_efficient=False math=False
attention_mode:gqa num_heads:4 num_kv_heads:2
bigram_hash:buckets:8192 dim:128 heads:2 gate:True scale_init:0.05
parcae:prelude:1 core:2 coda:1 recurrent_dim:256 recurrence:2/1 iteration:per-batch sampling:fixed injection:diagonal swiglu_scale:0
tie_embeddings:True embed_lr:0.05 head_lr:0.0 poe_experts:3 poe_extra_heads:2 poe_head_lr:0.002 matrix_lr:0.04 scalar_lr:0.04 muon_backend:ns5 muon_steps:5 muon_wd:0.095 muon_row_normalize:True
qat:bits:0 start_step:500 linear:True tied_output:True export_bits:8
gptq:enabled:False calibration_batches:32 reserve_seconds:12 blocksize:128 dampening:0.01 act_order:True quantize_embeddings:True
train_batch_tokens:16384 train_seq_len:512 iterations:1000000 warmup_steps:500 max_wallclock_seconds:300.000
ttt:enabled:False stride:64 chunk_tokens:32768 epochs:3 lr:0.005 momentum:0.9 grad_clip:1
seed:1337
warmup_step:10/500
warmup_step:20/500
warmup_step:30/500
warmup_step:40/500
warmup_step:50/500
warmup_step:60/500
warmup_step:70/500
warmup_step:80/500
warmup_step:90/500
warmup_step:100/500
warmup_step:110/500
warmup_step:120/500
warmup_step:130/500
warmup_step:140/500
warmup_step:150/500
warmup_step:160/500
warmup_step:170/500
warmup_step:180/500
warmup_step:190/500
warmup_step:200/500
warmup_step:210/500
warmup_step:220/500
warmup_step:230/500
warmup_step:240/500
warmup_step:250/500
warmup_step:260/500
warmup_step:270/500
warmup_step:280/500
warmup_step:290/500
warmup_step:300/500
warmup_step:310/500
warmup_step:320/500
warmup_step:330/500
warmup_step:340/500
warmup_step:350/500
warmup_step:360/500
warmup_step:370/500
warmup_step:380/500
warmup_step:390/500
warmup_step:400/500
warmup_step:410/500
warmup_step:420/500
warmup_step:430/500
warmup_step:440/500
warmup_step:450/500
warmup_step:460/500
warmup_step:470/500
warmup_step:480/500
warmup_step:490/500
warmup_step:500/500
step:1/1000000 train_loss:6.9080 train_time:181ms step_avg:180.58ms
step:2/1000000 train_loss:7.0746 train_time:358ms step_avg:179.22ms
step:3/1000000 train_loss:8.7951 train_time:529ms step_avg:176.46ms
step:4/1000000 train_loss:11.8868 train_time:699ms step_avg:174.85ms
step:5/1000000 train_loss:9.6540 train_time:869ms step_avg:173.86ms
step:6/1000000 train_loss:9.9621 train_time:1038ms step_avg:173.07ms
step:7/1000000 train_loss:9.5235 train_time:1209ms step_avg:172.73ms
step:8/1000000 train_loss:8.8183 train_time:1380ms step_avg:172.50ms
step:9/1000000 train_loss:8.1968 train_time:1562ms step_avg:173.51ms
step:10/1000000 train_loss:8.9417 train_time:1733ms step_avg:173.29ms
step:100/1000000 train_loss:4.0095 train_time:16606ms step_avg:166.06ms
step:200/1000000 train_loss:3.8461 train_time:33192ms step_avg:165.96ms
step:300/1000000 train_loss:3.8139 train_time:48621ms step_avg:162.07ms
step:400/1000000 train_loss:3.5917 train_time:64429ms step_avg:161.07ms
step:500/1000000 train_loss:3.6586 train_time:80432ms step_avg:160.86ms
step:600/1000000 train_loss:3.4870 train_time:97440ms step_avg:162.40ms
step:700/1000000 train_loss:3.5480 train_time:112481ms step_avg:160.69ms
step:800/1000000 train_loss:3.4910 train_time:127431ms step_avg:159.29ms
step:900/1000000 train_loss:3.3356 train_time:142963ms step_avg:158.85ms
step:1000/1000000 train_loss:3.2696 train_time:159276ms step_avg:159.28ms
step:1100/1000000 train_loss:3.2499 train_time:175756ms step_avg:159.78ms
step:1200/1000000 train_loss:3.0102 train_time:192059ms step_avg:160.05ms
step:1300/1000000 train_loss:2.8659 train_time:208242ms step_avg:160.19ms
step:1400/1000000 train_loss:3.0848 train_time:224168ms step_avg:160.12ms
step:1500/1000000 train_loss:2.9538 train_time:240063ms step_avg:160.04ms
step:1600/1000000 train_loss:2.9526 train_time:256552ms step_avg:160.35ms
step:1700/1000000 train_loss:2.8918 train_time:273039ms step_avg:160.61ms
step:1800/1000000 train_loss:2.8233 train_time:290041ms step_avg:161.13ms
step:1863/1000000 val_loss:2.9134 val_bpb:1.7350 train_time:300045ms step_avg:161.05ms
stopping_early: wallclock_cap train_time:300045ms step:1863/1000000
peak memory allocated: 1020 MiB reserved: 1884 MiB
Serialized model: 11722026 bytes
Code size: 129412 bytes
Total submission size: 11851438 bytes
Serialized model int8+zlib: 6241560 bytes (payload:7046886 raw_torch:7065394 payload_ratio:1.66x)
Total submission size int8+zlib: 6370972 bytes
final_int8_zlib_roundtrip val_loss:2.9135 val_bpb:1.7351 eval_time:38473ms
final_int8_zlib_roundtrip_exact val_loss:2.91350549 val_bpb:1.73508599
===== END ns5_row1 run_id=exp_scylla_poe3_bigram8192_muon_ns5_row1_300_rerun 2026-04-26T02:11:28Z =====
===== START ns5_row0 run_id=exp_scylla_poe3_bigram8192_muon_ns5_row0_300_rerun 2026-04-26T02:11:28Z =====
