logs/smoke_scylla_record_parallel_core_20.txt
val_bpb:enabled tokenizer_kind=tokenmonster tokenizer_path=/workspace/parameter-golf/data_scylla/tokenizers/scylla/candidate.vocab meta_path=/workspace/parameter-golf/data_scylla/tokenizers/scylla/candidate.meta.npz source_model_name=/Users/simon/Code/parameter-golf/autoresearch/tokenmonster_discovery/experiments/0054/candidate.vocab vocab_size=998 byte_count_override:1.5108e+08
train_loader:dataset:fineweb_scylla train_shards:1
val_loader:shards pattern=/workspace/parameter-golf/data_scylla/fineweb_scylla/fineweb_val_*.bin tokens:62364672
model_params:5850817
world_size:1 grad_accum_steps:8
attention_backend:flash_attn4_wrapper has_flash_attn:False
sdp_backends:cudnn=False flash=True mem_efficient=False math=False
attention_mode:gqa num_heads:4 num_kv_heads:2
bigram_hash:buckets:8192 dim:128 heads:2 gate:True scale_init:0.05
parcae:prelude:1 core:2 coda:1 recurrent_dim:256 recurrence:2/1 iteration:per-batch sampling:fixed injection:diagonal swiglu_scale:0 residual_mode:parallel parallel_residual_scope:core parallel_residual_start:-1 parallel_residual_ln_scale:True
tie_embeddings:True embed_lr:0.05 head_lr:0.0 poe_experts:3 poe_extra_heads:2 poe_head_lr:0.002 matrix_lr:0.04 scalar_lr:0.04 muon_steps:5 muon_wd:0.095 muon_row_normalize:True
qat:bits:0 start_step:500 linear:True tied_output:True export_bits:8
gptq:enabled:False calibration_batches:32 reserve_seconds:12 blocksize:128 dampening:0.01 act_order:True quantize_embeddings:True
train_batch_tokens:16384 train_seq_len:512 iterations:1000000 warmup_steps:500 max_wallclock_seconds:20.000
ttt:enabled:False stride:64 chunk_tokens:32768 epochs:3 lr:0.005 momentum:0.9 grad_clip:1
seed:1337
warmup_step:10/500
warmup_step:20/500
warmup_step:30/500
warmup_step:40/500
warmup_step:50/500
warmup_step:60/500
warmup_step:70/500
warmup_step:80/500
warmup_step:90/500
warmup_step:100/500
warmup_step:110/500
warmup_step:120/500
warmup_step:130/500
warmup_step:140/500
warmup_step:150/500
warmup_step:160/500
warmup_step:170/500
warmup_step:180/500
warmup_step:190/500
warmup_step:200/500
warmup_step:210/500
warmup_step:220/500
warmup_step:230/500
warmup_step:240/500
warmup_step:250/500
warmup_step:260/500
warmup_step:270/500
warmup_step:280/500
warmup_step:290/500
warmup_step:300/500
warmup_step:310/500
warmup_step:320/500
warmup_step:330/500
warmup_step:340/500
warmup_step:350/500
warmup_step:360/500
warmup_step:370/500
warmup_step:380/500
warmup_step:390/500
warmup_step:400/500
warmup_step:410/500
warmup_step:420/500
warmup_step:430/500
warmup_step:440/500
warmup_step:450/500
warmup_step:460/500
warmup_step:470/500
warmup_step:480/500
warmup_step:490/500
warmup_step:500/500
step:1/1000000 train_loss:6.9068 train_time:163ms step_avg:163.41ms
step:2/1000000 train_loss:7.3226 train_time:334ms step_avg:166.78ms
step:3/1000000 train_loss:6.8169 train_time:500ms step_avg:166.75ms
step:4/1000000 train_loss:6.3067 train_time:667ms step_avg:166.84ms
step:5/1000000 train_loss:6.0535 train_time:835ms step_avg:166.95ms
step:6/1000000 train_loss:6.0171 train_time:1001ms step_avg:166.90ms
step:7/1000000 train_loss:6.2046 train_time:1174ms step_avg:167.72ms
step:8/1000000 train_loss:6.2165 train_time:1350ms step_avg:168.78ms
step:9/1000000 train_loss:6.0757 train_time:1530ms step_avg:170.01ms
step:10/1000000 train_loss:5.9795 train_time:1703ms step_avg:170.28ms
step:100/1000000 train_loss:4.3368 train_time:16245ms step_avg:162.45ms
step:124/1000000 val_loss:4.4042 val_bpb:2.6228 train_time:20151ms step_avg:162.51ms
stopping_early: wallclock_cap train_time:20151ms step:124/1000000
peak memory allocated: 1020 MiB reserved: 2018 MiB
Serialized model: 11732080 bytes
Code size: 132685 bytes
Total submission size: 11864765 bytes
Serialized model int8+zlib: 6330306 bytes (payload:7055078 raw_torch:7075360 payload_ratio:1.66x)
Total submission size int8+zlib: 6462991 bytes
final_int8_zlib_roundtrip val_loss:4.4048 val_bpb:2.6232 eval_time:43457ms
final_int8_zlib_roundtrip_exact val_loss:4.40480755 val_bpb:2.62320421
