logs/smoke_scylla_poe3_bigram8192_ple_coda32_after_adam_scale_lr0p004_nowarm_20.txt
val_bpb:enabled tokenizer_kind=tokenmonster tokenizer_path=/workspace/parameter-golf/data_scylla/tokenizers/scylla/candidate.vocab meta_path=/workspace/parameter-golf/data_scylla/tokenizers/scylla/candidate.meta.npz source_model_name=/Users/simon/Code/parameter-golf/autoresearch/tokenmonster_discovery/experiments/0054/candidate.vocab vocab_size=998 byte_count_override:1.5108e+08
train_loader:dataset:fineweb_scylla train_shards:1
val_loader:shards pattern=/workspace/parameter-golf/data_scylla/fineweb_scylla/fineweb_val_*.bin tokens:62364672
model_params:5888898
world_size:1 grad_accum_steps:8
attention_backend:flash_attn4_wrapper has_flash_attn:False
sdp_backends:cudnn=False flash=True mem_efficient=False math=False
attention_mode:gqa num_heads:4 num_kv_heads:2
bigram_hash:buckets:8192 dim:128 heads:2 gate:True scale_init:0.05
parcae:prelude:1 core:2 coda:1 recurrent_dim:256 recurrence:2/1 iteration:per-batch sampling:fixed injection:diagonal swiglu_scale:0 residual_mode:sequential parallel_residual_scope:none parallel_residual_start:-1 parallel_residual_ln_scale:True
ple:scope:coda dim:32 scale_init:0.02 init_std:0.02 placement:after proj_optimizer:adam proj_lr:0.01 scale_lr:0.004 params:40129
laurel:scope:none rank:0 scale_init:0.01 norm:True params:0
tie_embeddings:True embed_lr:0.05 head_lr:0.0 poe_experts:3 poe_extra_heads:2 poe_head_lr:0.002 matrix_lr:0.04 scalar_lr:0.04 muon_steps:5 muon_wd:0.095 muon_row_normalize:True
qat:bits:0 start_step:500 linear:True tied_output:True export_bits:8
gptq:enabled:False calibration_batches:32 reserve_seconds:12 blocksize:128 dampening:0.01 act_order:True quantize_embeddings:True
train_batch_tokens:16384 train_seq_len:512 iterations:1000000 warmup_steps:0 max_wallclock_seconds:20.000
ttt:enabled:False stride:64 chunk_tokens:32768 epochs:3 lr:0.005 momentum:0.9 grad_clip:1
seed:1337
step:1/1000000 train_loss:6.9080 train_time:1733ms step_avg:1733.07ms ple_scale_abs:0.0200195 ple_raw_rms:0.0198815 ple_injected_rms:0.000398037 ple_x_rms:0.370927 ple_injected_ratio:0.00107309 ple_embed_grad:7.92389e-05 ple_proj_grad:8.81834e-06 ple_scale_grad:5.33266e-05
step:2/1000000 train_loss:7.0725 train_time:1929ms step_avg:964.36ms ple_scale_abs:0.0240188 ple_raw_rms:0.0520757 ple_injected_rms:0.00125237 ple_x_rms:0.483634 ple_injected_ratio:0.00258949 ple_embed_grad:0.00240656 ple_proj_grad:0.000824438 ple_scale_grad:0.0101452
step:3/1000000 train_loss:7.2152 train_time:2105ms step_avg:701.52ms ple_scale_abs:0.0240446 ple_raw_rms:0.0516909 ple_injected_rms:0.00124314 ple_x_rms:0.489579 ple_injected_ratio:0.0025392 ple_embed_grad:0.00302663 ple_proj_grad:0.0010091 ple_scale_grad:0.00279713
step:4/1000000 train_loss:7.0896 train_time:2289ms step_avg:572.23ms ple_scale_abs:0.0240898 ple_raw_rms:0.0522423 ple_injected_rms:0.0012564 ple_x_rms:0.494019 ple_injected_ratio:0.00254323 ple_embed_grad:0.00290925 ple_proj_grad:0.000958501 ple_scale_grad:0.00687313
step:5/1000000 train_loss:6.9466 train_time:2470ms step_avg:493.90ms ple_scale_abs:0.0241585 ple_raw_rms:0.0515942 ple_injected_rms:0.00124689 ple_x_rms:0.481219 ple_injected_ratio:0.00259111 ple_embed_grad:0.00316825 ple_proj_grad:0.0010359 ple_scale_grad:0.00807571
step:6/1000000 train_loss:6.7333 train_time:2648ms step_avg:441.28ms ple_scale_abs:0.0242478 ple_raw_rms:0.0521808 ple_injected_rms:0.0012675 ple_x_rms:0.49232 ple_injected_ratio:0.00257455 ple_embed_grad:0.00309892 ple_proj_grad:0.000957935 ple_scale_grad:0.0147476
step:7/1000000 train_loss:6.5284 train_time:2823ms step_avg:403.23ms ple_scale_abs:0.0243514 ple_raw_rms:0.0518638 ple_injected_rms:0.0012598 ple_x_rms:0.500889 ple_injected_ratio:0.00251513 ple_embed_grad:0.00258156 ple_proj_grad:0.000855564 ple_scale_grad:0.0154343
step:8/1000000 train_loss:6.3889 train_time:2997ms step_avg:374.62ms ple_scale_abs:0.0244694 ple_raw_rms:0.0524126 ple_injected_rms:0.00127969 ple_x_rms:0.507995 ple_injected_ratio:0.00251909 ple_embed_grad:0.00216427 ple_proj_grad:0.000751904 ple_scale_grad:0.0183105
step:9/1000000 train_loss:6.2823 train_time:3172ms step_avg:352.48ms ple_scale_abs:0.0245995 ple_raw_rms:0.0524526 ple_injected_rms:0.00129344 ple_x_rms:0.512682 ple_injected_ratio:0.00252288 ple_embed_grad:0.00224082 ple_proj_grad:0.000729847 ple_scale_grad:0.0210266
step:10/1000000 train_loss:6.1835 train_time:3351ms step_avg:335.08ms ple_scale_abs:0.0247401 ple_raw_rms:0.0521306 ple_injected_rms:0.00129172 ple_x_rms:0.517539 ple_injected_ratio:0.0024959 ple_embed_grad:0.00199082 ple_proj_grad:0.000710214 ple_scale_grad:0.0200806
step:20/1000000 train_loss:5.9541 train_time:5065ms step_avg:253.24ms ple_scale_abs:0.0263905 ple_raw_rms:0.0558785 ple_injected_rms:0.00147327 ple_x_rms:0.610725 ple_injected_ratio:0.00241233 ple_embed_grad:0.00102971 ple_proj_grad:0.000444125 ple_scale_grad:0.015377
step:30/1000000 train_loss:5.6367 train_time:6753ms step_avg:225.11ms ple_scale_abs:0.0283078 ple_raw_rms:0.0602437 ple_injected_rms:0.00170607 ple_x_rms:0.573931 ple_injected_ratio:0.00297261 ple_embed_grad:0.000698774 ple_proj_grad:0.000334938 ple_scale_grad:0.0202942
step:40/1000000 train_loss:5.3191 train_time:8379ms step_avg:209.48ms ple_scale_abs:0.0302948 ple_raw_rms:0.0645991 ple_injected_rms:0.00195583 ple_x_rms:0.496983 ple_injected_ratio:0.0039354 ple_embed_grad:0.0007174 ple_proj_grad:0.000345971 ple_scale_grad:0.0275116
step:50/1000000 train_loss:5.0360 train_time:10012ms step_avg:200.24ms ple_scale_abs:0.0321217 ple_raw_rms:0.0689388 ple_injected_rms:0.0022213 ple_x_rms:0.469712 ple_injected_ratio:0.00472907 ple_embed_grad:0.000920225 ple_proj_grad:0.000406411 ple_scale_grad:0.0285187
step:60/1000000 train_loss:4.9374 train_time:11626ms step_avg:193.77ms ple_scale_abs:0.0336821 ple_raw_rms:0.0720176 ple_injected_rms:0.00242616 ple_x_rms:0.463456 ple_injected_ratio:0.00523494 ple_embed_grad:0.000999482 ple_proj_grad:0.000425078 ple_scale_grad:0.0267487
step:70/1000000 train_loss:4.8245 train_time:13229ms step_avg:188.98ms ple_scale_abs:0.0349574 ple_raw_rms:0.073617 ple_injected_rms:0.00256995 ple_x_rms:0.456014 ple_injected_ratio:0.00563569 ple_embed_grad:0.00088475 ple_proj_grad:0.000354224 ple_scale_grad:0.0178452
step:80/1000000 train_loss:4.6985 train_time:14829ms step_avg:185.36ms ple_scale_abs:0.0359489 ple_raw_rms:0.0752851 ple_injected_rms:0.00270171 ple_x_rms:0.460307 ple_injected_ratio:0.00586937 ple_embed_grad:0.00132135 ple_proj_grad:0.000534073 ple_scale_grad:0.0182076
step:90/1000000 train_loss:4.6466 train_time:16420ms step_avg:182.44ms ple_scale_abs:0.0366578 ple_raw_rms:0.0762144 ple_injected_rms:0.00279092 ple_x_rms:0.459098 ple_injected_ratio:0.00607913 ple_embed_grad:0.000988822 ple_proj_grad:0.000441296 ple_scale_grad:0.018383
step:100/1000000 train_loss:4.5795 train_time:18013ms step_avg:180.13ms ple_scale_abs:0.0371243 ple_raw_rms:0.0761595 ple_injected_rms:0.00282611 ple_x_rms:0.462741 ple_injected_ratio:0.00610733 ple_embed_grad:0.00121828 ple_proj_grad:0.000451953 ple_scale_grad:0.0115662
step:110/1000000 train_loss:4.6586 train_time:19613ms step_avg:178.30ms ple_scale_abs:0.037327 ple_raw_rms:0.0771968 ple_injected_rms:0.00288329 ple_x_rms:0.452915 ple_injected_ratio:0.00636606 ple_embed_grad:0.00084467 ple_proj_grad:0.000323296 ple_scale_grad:0.0109234
step:113/1000000 val_loss:4.6780 val_bpb:2.7859 train_time:20101ms step_avg:177.88ms
stopping_early: wallclock_cap train_time:20101ms step:113/1000000
peak memory allocated: 1020 MiB reserved: 1886 MiB
Serialized model: 11803373 bytes
Code size: 158241 bytes
Total submission size: 11961614 bytes
Serialized model int8+zlib: 6380998 bytes (payload:7127144 raw_torch:7146601 payload_ratio:1.65x)
Total submission size int8+zlib: 6539239 bytes
final_int8_zlib_roundtrip val_loss:4.6781 val_bpb:2.7859 eval_time:39759ms
final_int8_zlib_roundtrip_exact val_loss:4.67806426 val_bpb:2.78593735
