logs/ngram_expert.txt
val_bpb:enabled tokenizer_kind=sentencepiece tokenizer_path=/workspace/parameter-golf/data/tokenizers/fineweb_1024_bpe.model meta_path=None source_model_name=/workspace/parameter-golf/data/tokenizers/fineweb_1024_bpe.model vocab_size=1024 byte_count_override:0
train_loader:dataset:data train_shards:1
val_loader:shards pattern=/workspace/parameter-golf/runs/feature_ablation_1min_20260427_095805/data/fineweb_val_*.bin tokens:262144
model_params:4033729
world_size:1 grad_accum_steps:8
attention_backend:flash_attn4_wrapper has_flash_attn:False
sdp_backends:cudnn=False flash=True mem_efficient=True math=True
attention_mode:gqa num_heads:4 num_kv_heads:2
bigram_hash:buckets:4096 dim:128 heads:2 gate:True scale_init:0.05
parcae:prelude:1 core:2 coda:1 recurrent_dim:256 recurrence:2/1 iteration:per-batch sampling:fixed injection:diagonal swiglu_scale:0 residual_mode:sequential parallel_residual_scope:none parallel_residual_start:-1 parallel_residual_ln_scale:True
laurel:scope:none rank:0 scale_init:0.01 norm:True params:0
tie_embeddings:True embed_lr:0.05 head_lr:0.0 poe_experts:1 poe_extra_heads:0 poe_head_lr:0.008 matrix_lr:0.04 scalar_lr:0.04 muon_steps:5 muon_wd:0.095 muon_row_normalize:True
qat:bits:0 start_step:500 linear:True tied_output:True export_bits:8
gptq:enabled:False calibration_batches:32 reserve_seconds:12 blocksize:128 dampening:0.01 act_order:True quantize_embeddings:True
save_raw_model:False
train_batch_tokens:16384 train_seq_len:512 iterations:1000000 warmup_steps:100 max_wallclock_seconds:60.000
ttt:enabled:False stride:64 chunk_tokens:32768 epochs:3 lr:0.005 momentum:0.9 grad_clip:1
sliding:enabled:True stride:64 compile_logits:False ppm_enabled:False ppm_order:5 ppm_subset_tokens:5000000 ppm_meta_mix:False
ngram_eval:order:5 min_order:2 alpha:0.3 adaptive:True min_count:1 buckets:262144 chunk_tokens:32768 mix_mode:expert expert_topk:8
seed:1337
warmup_step:10/100
warmup_step:20/100
warmup_step:30/100
warmup_step:40/100
warmup_step:50/100
warmup_step:60/100
warmup_step:70/100
warmup_step:80/100
warmup_step:90/100
warmup_step:100/100
step:1/1000000 train_loss:6.9322 train_time:154ms step_avg:154.46ms
step:2/1000000 train_loss:6.7348 train_time:331ms step_avg:165.61ms
step:3/1000000 train_loss:6.7365 train_time:496ms step_avg:165.48ms
step:4/1000000 train_loss:7.8690 train_time:660ms step_avg:165.06ms
step:5/1000000 train_loss:6.8834 train_time:831ms step_avg:166.16ms
step:6/1000000 train_loss:6.2815 train_time:997ms step_avg:166.20ms
step:7/1000000 train_loss:6.1468 train_time:1160ms step_avg:165.72ms
step:8/1000000 train_loss:6.3883 train_time:1330ms step_avg:166.20ms
step:9/1000000 train_loss:5.9861 train_time:1494ms step_avg:165.98ms
step:10/1000000 train_loss:5.8645 train_time:1658ms step_avg:165.84ms
step:100/1000000 train_loss:4.0370 train_time:15757ms step_avg:157.57ms
step:200/1000000 train_loss:3.7568 train_time:31366ms step_avg:156.83ms
step:300/1000000 train_loss:3.5006 train_time:46953ms step_avg:156.51ms
step:386/1000000 val_loss:3.4562 val_bpb:2.0467 train_time:60034ms step_avg:155.53ms
stopping_early: wallclock_cap train_time:60034ms step:386/1000000
peak memory allocated: 1028 MiB reserved: 1812 MiB
Serialized model int8+zlib: 4509315 bytes (payload:5210498 raw_torch:5228030 payload_ratio:1.55x)
Total submission size int8+zlib: 4711152 bytes
final_int8_zlib_roundtrip val_loss:3.4562 val_bpb:2.0467 eval_time:137ms
final_int8_zlib_roundtrip_exact val_loss:3.45622736 val_bpb:2.04669198
final_int8_zlib_roundtrip_sliding_window val_loss:3.4517 val_bpb:2.0440 stride:64 eval_time:1510ms
final_int8_zlib_roundtrip_sliding_window_exact val_loss:3.45165859 val_bpb:2.04398647
ngram_eval:chunks:8 chunk_tokens:32768 windows:4089 shared_tables:1 mode:expert
ngram_eval:chunk:1/8 bpb:2.088743 t:1s
ngram_eval:chunk:2/8 bpb:2.120917 t:3s
ngram_eval:chunk:3/8 bpb:2.164648 t:5s
ngram_eval:chunk:8/8 bpb:2.087818 t:14s
ngram_expert:contexts:229270 target_hits:45257 hit_rate:0.1974 topk:8 boost_scale:1
final_int8_zlib_roundtrip_sliding_ngram5 val_loss:3.5257 val_bpb:2.0878 stride:64 eval_time:13906ms
final_int8_zlib_roundtrip_sliding_ngram5_exact val_loss:3.52567568 val_bpb:2.08781755
