logs/ppm_mix.txt
val_bpb:enabled tokenizer_kind=sentencepiece tokenizer_path=/workspace/parameter-golf/data/tokenizers/fineweb_1024_bpe.model meta_path=None source_model_name=/workspace/parameter-golf/data/tokenizers/fineweb_1024_bpe.model vocab_size=1024 byte_count_override:0
ppm:token_byte_lut_loaded entries:1024
train_loader:dataset:data train_shards:1
val_loader:shards pattern=/workspace/parameter-golf/runs/feature_ablation_1min_20260427_095805/data/fineweb_val_*.bin tokens:262144
model_params:4033729
world_size:1 grad_accum_steps:8
attention_backend:flash_attn4_wrapper has_flash_attn:False
sdp_backends:cudnn=False flash=True mem_efficient=True math=True
attention_mode:gqa num_heads:4 num_kv_heads:2
bigram_hash:buckets:4096 dim:128 heads:2 gate:True scale_init:0.05
parcae:prelude:1 core:2 coda:1 recurrent_dim:256 recurrence:2/1 iteration:per-batch sampling:fixed injection:diagonal swiglu_scale:0 residual_mode:sequential parallel_residual_scope:none parallel_residual_start:-1 parallel_residual_ln_scale:True
laurel:scope:none rank:0 scale_init:0.01 norm:True params:0
tie_embeddings:True embed_lr:0.05 head_lr:0.0 poe_experts:1 poe_extra_heads:0 poe_head_lr:0.008 matrix_lr:0.04 scalar_lr:0.04 muon_steps:5 muon_wd:0.095 muon_row_normalize:True
qat:bits:0 start_step:500 linear:True tied_output:True export_bits:8
gptq:enabled:False calibration_batches:32 reserve_seconds:12 blocksize:128 dampening:0.01 act_order:True quantize_embeddings:True
save_raw_model:False
train_batch_tokens:16384 train_seq_len:512 iterations:1000000 warmup_steps:100 max_wallclock_seconds:60.000
ttt:enabled:False stride:64 chunk_tokens:32768 epochs:3 lr:0.005 momentum:0.9 grad_clip:1
sliding:enabled:True stride:64 compile_logits:False ppm_enabled:True ppm_order:5 ppm_subset_tokens:262144 ppm_meta_mix:False
seed:1337
warmup_step:10/100
warmup_step:20/100
warmup_step:30/100
warmup_step:40/100
warmup_step:50/100
warmup_step:60/100
warmup_step:70/100
warmup_step:80/100
warmup_step:90/100
warmup_step:100/100
step:1/1000000 train_loss:6.9322 train_time:160ms step_avg:159.75ms
step:2/1000000 train_loss:6.7324 train_time:320ms step_avg:160.14ms
step:3/1000000 train_loss:6.7127 train_time:478ms step_avg:159.29ms
step:4/1000000 train_loss:8.0237 train_time:636ms step_avg:159.10ms
step:5/1000000 train_loss:6.9120 train_time:795ms step_avg:158.95ms
step:6/1000000 train_loss:6.3230 train_time:961ms step_avg:160.23ms
step:7/1000000 train_loss:6.1235 train_time:1119ms step_avg:159.91ms
step:8/1000000 train_loss:6.1049 train_time:1277ms step_avg:159.65ms
step:9/1000000 train_loss:5.9769 train_time:1432ms step_avg:159.13ms
step:10/1000000 train_loss:5.9001 train_time:1589ms step_avg:158.91ms
step:100/1000000 train_loss:4.0315 train_time:14620ms step_avg:146.20ms
step:200/1000000 train_loss:3.7533 train_time:29099ms step_avg:145.50ms
step:300/1000000 train_loss:3.4818 train_time:43504ms step_avg:145.01ms
step:400/1000000 train_loss:3.7200 train_time:58024ms step_avg:145.06ms
step:414/1000000 val_loss:3.4308 val_bpb:2.0316 train_time:60071ms step_avg:145.10ms
stopping_early: wallclock_cap train_time:60071ms step:414/1000000
peak memory allocated: 1028 MiB reserved: 1812 MiB
Serialized model int8+zlib: 4502142 bytes (payload:5210498 raw_torch:5228030 payload_ratio:1.55x)
Total submission size int8+zlib: 4703979 bytes
final_int8_zlib_roundtrip val_loss:3.4307 val_bpb:2.0316 eval_time:137ms
final_int8_zlib_roundtrip_exact val_loss:3.43071002 val_bpb:2.03158125
ppm_mix bytes:638652 mix_bpb:1.872255 ppm_only:2.853019 nn_only:2.026066 mode:binary
ppm_mix_time:2.8s subset_tokens:262144
final_int8_zlib_roundtrip_sliding_window val_loss:3.4255 val_bpb:2.0285 stride:64 eval_time:4596ms
final_int8_zlib_roundtrip_sliding_window_exact val_loss:3.42545575 val_bpb:2.02846980
final_int8_zlib_roundtrip_sliding_ppm_exact mix_bpb:1.87225548 ppm_only_bpb:2.85301933 nn_only_bpb:2.02606617 subset_tokens:262144
